SuccessConsole Output
Started by user Ismail Chaida
Running as SYSTEM
Building in workspace /var/jenkins_home/workspace/Udacity-eCommerce
using credential 8f1683f4-8e35-4c5f-85a5-ace3205a774e
 > git rev-parse --is-inside-work-tree # timeout=10
Fetching changes from the remote Git repository
 > git config remote.origin.url git@github.com:ichaida/P04-eCommerce.git # timeout=10
Fetching upstream changes from git@github.com:ichaida/P04-eCommerce.git
 > git --version # timeout=10
using GIT_SSH to set credentials
 > git fetch --tags --progress -- git@github.com:ichaida/P04-eCommerce.git +refs/heads/*:refs/remotes/origin/* # timeout=10
 > git rev-parse refs/remotes/origin/master^{commit} # timeout=10
 > git rev-parse refs/remotes/origin/origin/master^{commit} # timeout=10
Checking out Revision bcfaa5e1f0d9f31874a96b7737459176d9285add (refs/remotes/origin/master)
 > git config core.sparsecheckout # timeout=10
 > git checkout -f bcfaa5e1f0d9f31874a96b7737459176d9285add # timeout=10
Commit message: "Adds Jenkins docker compose"
 > git rev-list --no-walk def9b20ceb09d8c5deed2b0cdc48530ce33210d3 # timeout=10
[Udacity-eCommerce] $ /var/jenkins_home/tools/hudson.tasks.Maven_MavenInstallation/Maven_3.6.3/bin/mvn -f pom.xml package
[INFO] Scanning for projects...
[INFO]
[INFO] ----------------------< com.example:auth-course >-----------------------
[INFO] Building auth-course 0.0.1-SNAPSHOT
[INFO] --------------------------------[ jar ]---------------------------------
[INFO]
[INFO] --- maven-resources-plugin:3.1.0:resources (default-resources) @ auth-course ---
[INFO] Using 'UTF-8' encoding to copy filtered resources.
[INFO] Copying 1 resource
[INFO] Copying 2 resources
[INFO]
[INFO] --- maven-compiler-plugin:3.8.1:compile (default-compile) @ auth-course ---
[INFO] Nothing to compile - all classes are up to date
[INFO]
[INFO] --- maven-resources-plugin:3.1.0:testResources (default-testResources) @ auth-course ---
[INFO] Using 'UTF-8' encoding to copy filtered resources.
[INFO] skip non existing resourceDirectory /var/jenkins_home/workspace/Udacity-eCommerce/src/test/resources
[INFO]
[INFO] --- maven-compiler-plugin:3.8.1:testCompile (default-testCompile) @ auth-course ---
[INFO] Changes detected - recompiling the module!
[INFO] Compiling 6 source files to /var/jenkins_home/workspace/Udacity-eCommerce/target/test-classes
[INFO]
[INFO] --- maven-surefire-plugin:2.22.2:test (default-test) @ auth-course ---
[INFO]
[INFO] -------------------------------------------------------
[INFO]  T E S T S
[INFO] -------------------------------------------------------
[INFO] Running com.example.demo.ApplicationTest
[INFO] Tests run: 19, Failures: 0, Errors: 0, Skipped: 0, Time elapsed: 4.355 s - in com.example.demo.ApplicationTest
[INFO] Running com.example.demo.controllers.UserControllerTest
[INFO] Tests run: 6, Failures: 0, Errors: 0, Skipped: 0, Time elapsed: 0.003 s - in com.example.demo.controllers.UserControllerTest
[INFO] Running com.example.demo.controllers.ItemControllerTest
[INFO] Tests run: 5, Failures: 0, Errors: 0, Skipped: 0, Time elapsed: 0.007 s - in com.example.demo.controllers.ItemControllerTest
[INFO] Running com.example.demo.controllers.CartControllerTest
[INFO] Tests run: 4, Failures: 0, Errors: 0, Skipped: 0, Time elapsed: 0.002 s - in com.example.demo.controllers.CartControllerTest
[INFO] Running com.example.demo.controllers.OrderControllerTest
[INFO] Tests run: 4, Failures: 0, Errors: 0, Skipped: 0, Time elapsed: 0.001 s - in com.example.demo.controllers.OrderControllerTest
[INFO]
[INFO] Results:
[INFO]
[INFO] Tests run: 38, Failures: 0, Errors: 0, Skipped: 0
[INFO]
[INFO]
[INFO] --- maven-jar-plugin:3.1.1:jar (default-jar) @ auth-course ---
Downloading from central: https://repo.maven.apache.org/maven2/org/apache/maven/maven-archiver/3.3.0/maven-archiver-3.3.0.pom
Progress (1): 2.7/4.4 kB
Progress (1): 4.4 kB

Downloaded from central: https://repo.maven.apache.org/maven2/org/apache/maven/maven-archiver/3.3.0/maven-archiver-3.3.0.pom (4.4 kB at 5.2 kB/s)
Downloading from central: https://repo.maven.apache.org/maven2/org/apache/maven/shared/maven-shared-components/33/maven-shared-components-33.pom
Progress (1): 2.7/5.1 kB
Progress (1): 5.1 kB

Downloaded from central: https://repo.maven.apache.org/maven2/org/apache/maven/shared/maven-shared-components/33/maven-shared-components-33.pom (5.1 kB at 31 kB/s)
Downloading from central: https://repo.maven.apache.org/maven2/org/codehaus/plexus/plexus-archiver/3.6.0/plexus-archiver-3.6.0.pom
Progress (1): 2.7/4.8 kB
Progress (1): 4.8 kB

Downloaded from central: https://repo.maven.apache.org/maven2/org/codehaus/plexus/plexus-archiver/3.6.0/plexus-archiver-3.6.0.pom (4.8 kB at 43 kB/s)
Downloading from central: https://repo.maven.apache.org/maven2/org/codehaus/plexus/plexus/5.0/plexus-5.0.pom
Progress (1): 2.7/21 kB
Progress (1): 5.5/21 kB
Progress (1): 8.2/21 kB
Progress (1): 11/21 kB
Progress (1): 14/21 kB
Progress (1): 16/21 kB
Progress (1): 19/21 kB
Progress (1): 21 kB

Downloaded from central: https://repo.maven.apache.org/maven2/org/codehaus/plexus/plexus/5.0/plexus-5.0.pom (21 kB at 126 kB/s)
Downloading from central: https://repo.maven.apache.org/maven2/org/codehaus/plexus/plexus-io/3.0.1/plexus-io-3.0.1.pom
Progress (1): 2.7/4.5 kB
Progress (1): 4.5 kB

Downloaded from central: https://repo.maven.apache.org/maven2/org/codehaus/plexus/plexus-io/3.0.1/plexus-io-3.0.1.pom (4.5 kB at 38 kB/s)
Downloading from central: https://repo.maven.apache.org/maven2/commons-io/commons-io/2.6/commons-io-2.6.pom
Progress (1): 2.7/14 kB
Progress (1): 5.5/14 kB
Progress (1): 8.2/14 kB
Progress (1): 11/14 kB
Progress (1): 14/14 kB
Progress (1): 14 kB

Downloaded from central: https://repo.maven.apache.org/maven2/commons-io/commons-io/2.6/commons-io-2.6.pom (14 kB at 126 kB/s)
Downloading from central: https://repo.maven.apache.org/maven2/org/apache/commons/commons-compress/1.16.1/commons-compress-1.16.1.pom
Progress (1): 2.7/16 kB
Progress (1): 5.5/16 kB
Progress (1): 8.2/16 kB
Progress (1): 11/16 kB
Progress (1): 14/16 kB
Progress (1): 16 kB

Downloaded from central: https://repo.maven.apache.org/maven2/org/apache/commons/commons-compress/1.16.1/commons-compress-1.16.1.pom (16 kB at 128 kB/s)
Downloading from central: https://repo.maven.apache.org/maven2/org/apache/commons/commons-parent/43/commons-parent-43.pom
Progress (1): 2.7/70 kB
Progress (1): 5.5/70 kB
Progress (1): 8.2/70 kB
Progress (1): 11/70 kB
Progress (1): 14/70 kB
Progress (1): 16/70 kB
Progress (1): 19/70 kB
Progress (1): 22/70 kB
Progress (1): 25/70 kB
Progress (1): 27/70 kB
Progress (1): 30/70 kB
Progress (1): 33/70 kB
Progress (1): 36/70 kB
Progress (1): 38/70 kB
Progress (1): 41/70 kB
Progress (1): 44/70 kB
Progress (1): 47/70 kB
Progress (1): 49/70 kB
Progress (1): 52/70 kB
Progress (1): 55/70 kB
Progress (1): 58/70 kB
Progress (1): 60/70 kB
Progress (1): 63/70 kB
Progress (1): 66/70 kB
Progress (1): 69/70 kB
Progress (1): 70 kB

Downloaded from central: https://repo.maven.apache.org/maven2/org/apache/commons/commons-parent/43/commons-parent-43.pom (70 kB at 369 kB/s)
Downloading from central: https://repo.maven.apache.org/maven2/org/iq80/snappy/snappy/0.4/snappy-0.4.pom
Progress (1): 2.7/15 kB
Progress (1): 5.5/15 kB
Progress (1): 8.2/15 kB
Progress (1): 11/15 kB
Progress (1): 14/15 kB
Progress (1): 15 kB

Downloaded from central: https://repo.maven.apache.org/maven2/org/iq80/snappy/snappy/0.4/snappy-0.4.pom (15 kB at 112 kB/s)
Downloading from central: https://repo.maven.apache.org/maven2/org/tukaani/xz/1.8/xz-1.8.pom
Progress (1): 1.9 kB

Downloaded from central: https://repo.maven.apache.org/maven2/org/tukaani/xz/1.8/xz-1.8.pom (1.9 kB at 14 kB/s)
Downloading from central: https://repo.maven.apache.org/maven2/org/codehaus/plexus/plexus-interpolation/1.25/plexus-interpolation-1.25.pom
Progress (1): 2.6 kB

Downloaded from central: https://repo.maven.apache.org/maven2/org/codehaus/plexus/plexus-interpolation/1.25/plexus-interpolation-1.25.pom (2.6 kB at 21 kB/s)
Downloading from central: https://repo.maven.apache.org/maven2/org/codehaus/plexus/plexus/5.1/plexus-5.1.pom
Progress (1): 2.7/23 kB
Progress (1): 5.5/23 kB
Progress (1): 8.2/23 kB
Progress (1): 11/23 kB
Progress (1): 14/23 kB
Progress (1): 16/23 kB
Progress (1): 19/23 kB
Progress (1): 22/23 kB
Progress (1): 23 kB

Downloaded from central: https://repo.maven.apache.org/maven2/org/codehaus/plexus/plexus/5.1/plexus-5.1.pom (23 kB at 150 kB/s)
Downloading from central: https://repo.maven.apache.org/maven2/org/codehaus/plexus/plexus-archiver/3.7.0/plexus-archiver-3.7.0.pom
Progress (1): 2.7/4.8 kB
Progress (1): 4.8 kB

Downloaded from central: https://repo.maven.apache.org/maven2/org/codehaus/plexus/plexus-archiver/3.7.0/plexus-archiver-3.7.0.pom (4.8 kB at 39 kB/s)
Downloading from central: https://repo.maven.apache.org/maven2/org/codehaus/plexus/plexus-io/3.1.0/plexus-io-3.1.0.pom
Progress (1): 2.7/4.5 kB
Progress (1): 4.5 kB

Downloaded from central: https://repo.maven.apache.org/maven2/org/codehaus/plexus/plexus-io/3.1.0/plexus-io-3.1.0.pom (4.5 kB at 42 kB/s)
Downloading from central: https://repo.maven.apache.org/maven2/org/apache/commons/commons-compress/1.18/commons-compress-1.18.pom
Progress (1): 4.1/18 kB
Progress (1): 8.2/18 kB
Progress (1): 12/18 kB
Progress (1): 16/18 kB
Progress (1): 18 kB

Downloaded from central: https://repo.maven.apache.org/maven2/org/apache/commons/commons-compress/1.18/commons-compress-1.18.pom (18 kB at 124 kB/s)
Downloading from central: https://repo.maven.apache.org/maven2/org/apache/commons/commons-parent/47/commons-parent-47.pom
Progress (1): 4.1/78 kB
Progress (1): 8.2/78 kB
Progress (1): 12/78 kB
Progress (1): 16/78 kB
Progress (1): 20/78 kB
Progress (1): 25/78 kB
Progress (1): 29/78 kB
Progress (1): 33/78 kB
Progress (1): 37/78 kB
Progress (1): 41/78 kB
Progress (1): 45/78 kB
Progress (1): 49/78 kB
Progress (1): 53/78 kB
Progress (1): 57/78 kB
Progress (1): 61/78 kB
Progress (1): 66/78 kB
Progress (1): 70/78 kB
Progress (1): 74/78 kB
Progress (1): 78 kB

Downloaded from central: https://repo.maven.apache.org/maven2/org/apache/commons/commons-parent/47/commons-parent-47.pom (78 kB at 531 kB/s)
Downloading from central: https://repo.maven.apache.org/maven2/org/apache/maven/maven-archiver/3.3.0/maven-archiver-3.3.0.jar
Downloading from central: https://repo.maven.apache.org/maven2/org/codehaus/plexus/plexus-archiver/3.7.0/plexus-archiver-3.7.0.jar
Downloading from central: https://repo.maven.apache.org/maven2/org/codehaus/plexus/plexus-io/3.1.0/plexus-io-3.1.0.jar
Downloading from central: https://repo.maven.apache.org/maven2/org/apache/commons/commons-compress/1.18/commons-compress-1.18.jar
Downloading from central: https://repo.maven.apache.org/maven2/org/iq80/snappy/snappy/0.4/snappy-0.4.jar
Progress (1): 4.1/24 kB
Progress (1): 8.2/24 kB
Progress (1): 12/24 kB
Progress (1): 16/24 kB
Progress (1): 20/24 kB
Progress (1): 24 kB

Downloaded from central: https://repo.maven.apache.org/maven2/org/apache/maven/maven-archiver/3.3.0/maven-archiver-3.3.0.jar (24 kB at 142 kB/s)
Downloading from central: https://repo.maven.apache.org/maven2/org/tukaani/xz/1.8/xz-1.8.jar
Progress (1): 2.7/58 kB
Progress (1): 5.5/58 kB
Progress (2): 5.5/58 kB | 2.7/75 kB
Progress (2): 5.5/58 kB | 5.5/75 kB
Progress (2): 8.2/58 kB | 5.5/75 kB
Progress (2): 8.2/58 kB | 8.2/75 kB
Progress (2): 11/58 kB | 8.2/75 kB
Progress (3): 11/58 kB | 8.2/75 kB | 2.7/592 kB
Progress (3): 11/58 kB | 8.2/75 kB | 5.5/592 kB
Progress (3): 11/58 kB | 8.2/75 kB | 8.2/592 kB
Progress (4): 11/58 kB | 8.2/75 kB | 8.2/592 kB | 4.1/109 kB
Progress (5): 11/58 kB | 8.2/75 kB | 8.2/592 kB | 4.1/109 kB | 2.7/192 kB
Progress (5): 11/58 kB | 8.2/75 kB | 8.2/592 kB | 4.1/109 kB | 5.5/192 kB
Progress (5): 11/58 kB | 8.2/75 kB | 8.2/592 kB | 4.1/109 kB | 8.2/192 kB
Progress (5): 11/58 kB | 8.2/75 kB | 8.2/592 kB | 8.2/109 kB | 8.2/192 kB
Progress (5): 11/58 kB | 8.2/75 kB | 8.2/592 kB | 12/109 kB | 8.2/192 kB
Progress (5): 11/58 kB | 8.2/75 kB | 8.2/592 kB | 16/109 kB | 8.2/192 kB
Progress (5): 11/58 kB | 8.2/75 kB | 8.2/592 kB | 20/109 kB | 8.2/192 kB
Progress (5): 11/58 kB | 8.2/75 kB | 8.2/592 kB | 25/109 kB | 8.2/192 kB
Progress (5): 11/58 kB | 8.2/75 kB | 8.2/592 kB | 29/109 kB | 8.2/192 kB
Progress (5): 11/58 kB | 8.2/75 kB | 8.2/592 kB | 33/109 kB | 8.2/192 kB
Progress (5): 11/58 kB | 8.2/75 kB | 8.2/592 kB | 37/109 kB | 8.2/192 kB
Progress (5): 11/58 kB | 8.2/75 kB | 8.2/592 kB | 41/109 kB | 8.2/192 kB
Progress (5): 11/58 kB | 8.2/75 kB | 8.2/592 kB | 45/109 kB | 8.2/192 kB
Progress (5): 11/58 kB | 8.2/75 kB | 8.2/592 kB | 49/109 kB | 8.2/192 kB
Progress (5): 11/58 kB | 8.2/75 kB | 8.2/592 kB | 53/109 kB | 8.2/192 kB
Progress (5): 11/58 kB | 8.2/75 kB | 8.2/592 kB | 57/109 kB | 8.2/192 kB
Progress (5): 11/58 kB | 8.2/75 kB | 8.2/592 kB | 61/109 kB | 8.2/192 kB
Progress (5): 11/58 kB | 11/75 kB | 8.2/592 kB | 61/109 kB | 8.2/192 kB
Progress (5): 11/58 kB | 11/75 kB | 11/592 kB | 61/109 kB | 8.2/192 kB
Progress (5): 11/58 kB | 11/75 kB | 11/592 kB | 66/109 kB | 8.2/192 kB
Progress (5): 11/58 kB | 14/75 kB | 11/592 kB | 66/109 kB | 8.2/192 kB
Progress (5): 14/58 kB | 14/75 kB | 11/592 kB | 66/109 kB | 8.2/192 kB
Progress (5): 16/58 kB | 14/75 kB | 11/592 kB | 66/109 kB | 8.2/192 kB
Progress (5): 19/58 kB | 14/75 kB | 11/592 kB | 66/109 kB | 8.2/192 kB
Progress (5): 19/58 kB | 14/75 kB | 11/592 kB | 66/109 kB | 11/192 kB
Progress (5): 19/58 kB | 16/75 kB | 11/592 kB | 66/109 kB | 11/192 kB
Progress (5): 22/58 kB | 16/75 kB | 11/592 kB | 66/109 kB | 11/192 kB
Progress (5): 25/58 kB | 16/75 kB | 11/592 kB | 66/109 kB | 11/192 kB
Progress (5): 25/58 kB | 19/75 kB | 11/592 kB | 66/109 kB | 11/192 kB
Progress (5): 25/58 kB | 19/75 kB | 14/592 kB | 66/109 kB | 11/192 kB
Progress (5): 25/58 kB | 19/75 kB | 16/592 kB | 66/109 kB | 11/192 kB
Progress (5): 25/58 kB | 19/75 kB | 19/592 kB | 66/109 kB | 11/192 kB
Progress (5): 25/58 kB | 22/75 kB | 19/592 kB | 66/109 kB | 11/192 kB
Progress (5): 25/58 kB | 22/75 kB | 19/592 kB | 70/109 kB | 11/192 kB
Progress (5): 25/58 kB | 22/75 kB | 19/592 kB | 74/109 kB | 11/192 kB
Progress (5): 27/58 kB | 22/75 kB | 19/592 kB | 74/109 kB | 11/192 kB
Progress (5): 30/58 kB | 22/75 kB | 19/592 kB | 74/109 kB | 11/192 kB
Progress (5): 33/58 kB | 22/75 kB | 19/592 kB | 74/109 kB | 11/192 kB
Progress (5): 33/58 kB | 22/75 kB | 22/592 kB | 74/109 kB | 11/192 kB
Progress (5): 33/58 kB | 22/75 kB | 22/592 kB | 74/109 kB | 14/192 kB
Progress (5): 33/58 kB | 22/75 kB | 22/592 kB | 74/109 kB | 16/192 kB
Progress (5): 33/58 kB | 22/75 kB | 22/592 kB | 74/109 kB | 19/192 kB
Progress (5): 33/58 kB | 22/75 kB | 22/592 kB | 74/109 kB | 22/192 kB
Progress (5): 33/58 kB | 22/75 kB | 22/592 kB | 74/109 kB | 25/192 kB
Progress (5): 33/58 kB | 25/75 kB | 22/592 kB | 74/109 kB | 25/192 kB
Progress (5): 33/58 kB | 25/75 kB | 22/592 kB | 78/109 kB | 25/192 kB
Progress (5): 33/58 kB | 25/75 kB | 22/592 kB | 82/109 kB | 25/192 kB
Progress (5): 33/58 kB | 27/75 kB | 22/592 kB | 82/109 kB | 25/192 kB
Progress (5): 33/58 kB | 27/75 kB | 25/592 kB | 82/109 kB | 25/192 kB
Progress (5): 33/58 kB | 27/75 kB | 27/592 kB | 82/109 kB | 25/192 kB
Progress (5): 33/58 kB | 30/75 kB | 27/592 kB | 82/109 kB | 25/192 kB
Progress (5): 33/58 kB | 30/75 kB | 30/592 kB | 82/109 kB | 25/192 kB
Progress (5): 36/58 kB | 30/75 kB | 30/592 kB | 82/109 kB | 25/192 kB
Progress (5): 38/58 kB | 30/75 kB | 30/592 kB | 82/109 kB | 25/192 kB
Progress (5): 38/58 kB | 30/75 kB | 30/592 kB | 82/109 kB | 27/192 kB
Progress (5): 38/58 kB | 30/75 kB | 33/592 kB | 82/109 kB | 27/192 kB
Progress (5): 41/58 kB | 30/75 kB | 33/592 kB | 82/109 kB | 27/192 kB
Progress (5): 41/58 kB | 33/75 kB | 33/592 kB | 82/109 kB | 27/192 kB
Progress (5): 41/58 kB | 33/75 kB | 33/592 kB | 86/109 kB | 27/192 kB
Progress (5): 41/58 kB | 33/75 kB | 33/592 kB | 90/109 kB | 27/192 kB
Progress (5): 41/58 kB | 36/75 kB | 33/592 kB | 90/109 kB | 27/192 kB
Progress (5): 41/58 kB | 36/75 kB | 36/592 kB | 90/109 kB | 27/192 kB
Progress (5): 41/58 kB | 38/75 kB | 36/592 kB | 90/109 kB | 27/192 kB
Progress (5): 41/58 kB | 38/75 kB | 36/592 kB | 90/109 kB | 30/192 kB
Progress (5): 41/58 kB | 38/75 kB | 36/592 kB | 90/109 kB | 33/192 kB
Progress (5): 41/58 kB | 38/75 kB | 36/592 kB | 90/109 kB | 36/192 kB
Progress (5): 41/58 kB | 38/75 kB | 36/592 kB | 90/109 kB | 38/192 kB
Progress (5): 44/58 kB | 38/75 kB | 36/592 kB | 90/109 kB | 38/192 kB
Progress (5): 44/58 kB | 38/75 kB | 38/592 kB | 90/109 kB | 38/192 kB
Progress (5): 47/58 kB | 38/75 kB | 38/592 kB | 90/109 kB | 38/192 kB
Progress (5): 47/58 kB | 38/75 kB | 38/592 kB | 94/109 kB | 38/192 kB
Progress (5): 49/58 kB | 38/75 kB | 38/592 kB | 94/109 kB | 38/192 kB
Progress (5): 49/58 kB | 41/75 kB | 38/592 kB | 94/109 kB | 38/192 kB
Progress (5): 52/58 kB | 41/75 kB | 38/592 kB | 94/109 kB | 38/192 kB
Progress (5): 52/58 kB | 41/75 kB | 38/592 kB | 98/109 kB | 38/192 kB
Progress (5): 55/58 kB | 41/75 kB | 38/592 kB | 98/109 kB | 38/192 kB
Progress (5): 55/58 kB | 44/75 kB | 38/592 kB | 98/109 kB | 38/192 kB
Progress (5): 58/58 kB | 44/75 kB | 38/592 kB | 98/109 kB | 38/192 kB
Progress (5): 58/58 kB | 44/75 kB | 38/592 kB | 102/109 kB | 38/192 kB
Progress (5): 58/58 kB | 44/75 kB | 38/592 kB | 106/109 kB | 38/192 kB
Progress (5): 58/58 kB | 47/75 kB | 38/592 kB | 106/109 kB | 38/192 kB
Progress (5): 58/58 kB | 47/75 kB | 38/592 kB | 109 kB | 38/192 kB
Progress (5): 58 kB | 47/75 kB | 38/592 kB | 109 kB | 38/192 kB
Progress (5): 58 kB | 49/75 kB | 38/592 kB | 109 kB | 38/192 kB
Progress (5): 58 kB | 52/75 kB | 38/592 kB | 109 kB | 38/192 kB
Progress (5): 58 kB | 55/75 kB | 38/592 kB | 109 kB | 38/192 kB
Progress (5): 58 kB | 58/75 kB | 38/592 kB | 109 kB | 38/192 kB
Progress (5): 58 kB | 60/75 kB | 38/592 kB | 109 kB | 38/192 kB
Progress (5): 58 kB | 63/75 kB | 38/592 kB | 109 kB | 38/192 kB
Progress (5): 58 kB | 66/75 kB | 38/592 kB | 109 kB | 38/192 kB
Progress (5): 58 kB | 69/75 kB | 38/592 kB | 109 kB | 38/192 kB
Progress (5): 58 kB | 71/75 kB | 38/592 kB | 109 kB | 38/192 kB
Progress (5): 58 kB | 71/75 kB | 41/592 kB | 109 kB | 38/192 kB
Progress (5): 58 kB | 74/75 kB | 41/592 kB | 109 kB | 38/192 kB
Progress (5): 58 kB | 75 kB | 41/592 kB | 109 kB | 38/192 kB
Progress (5): 58 kB | 75 kB | 44/592 kB | 109 kB | 38/192 kB
Progress (5): 58 kB | 75 kB | 47/592 kB | 109 kB | 38/192 kB
Progress (5): 58 kB | 75 kB | 49/592 kB | 109 kB | 38/192 kB
Progress (5): 58 kB | 75 kB | 52/592 kB | 109 kB | 38/192 kB
Progress (5): 58 kB | 75 kB | 52/592 kB | 109 kB | 41/192 kB
Progress (5): 58 kB | 75 kB | 52/592 kB | 109 kB | 44/192 kB
Progress (5): 58 kB | 75 kB | 52/592 kB | 109 kB | 47/192 kB
Progress (5): 58 kB | 75 kB | 52/592 kB | 109 kB | 49/192 kB
Progress (5): 58 kB | 75 kB | 52/592 kB | 109 kB | 52/192 kB
Progress (5): 58 kB | 75 kB | 52/592 kB | 109 kB | 55/192 kB
Progress (5): 58 kB | 75 kB | 55/592 kB | 109 kB | 55/192 kB
Progress (5): 58 kB | 75 kB | 55/592 kB | 109 kB | 58/192 kB
Progress (5): 58 kB | 75 kB | 58/592 kB | 109 kB | 58/192 kB
Progress (5): 58 kB | 75 kB | 58/592 kB | 109 kB | 60/192 kB
Progress (5): 58 kB | 75 kB | 60/592 kB | 109 kB | 60/192 kB
Progress (5): 58 kB | 75 kB | 60/592 kB | 109 kB | 63/192 kB
Progress (5): 58 kB | 75 kB | 63/592 kB | 109 kB | 63/192 kB
Progress (5): 58 kB | 75 kB | 66/592 kB | 109 kB | 63/192 kB
Progress (5): 58 kB | 75 kB | 69/592 kB | 109 kB | 63/192 kB
Progress (5): 58 kB | 75 kB | 71/592 kB | 109 kB | 63/192 kB
Progress (5): 58 kB | 75 kB | 74/592 kB | 109 kB | 63/192 kB
Progress (5): 58 kB | 75 kB | 74/592 kB | 109 kB | 66/192 kB
Progress (5): 58 kB | 75 kB | 74/592 kB | 109 kB | 69/192 kB
Progress (5): 58 kB | 75 kB | 77/592 kB | 109 kB | 69/192 kB
Progress (5): 58 kB | 75 kB | 77/592 kB | 109 kB | 71/192 kB
Progress (5): 58 kB | 75 kB | 80/592 kB | 109 kB | 71/192 kB
Progress (5): 58 kB | 75 kB | 80/592 kB | 109 kB | 74/192 kB
Progress (5): 58 kB | 75 kB | 82/592 kB | 109 kB | 74/192 kB
Progress (5): 58 kB | 75 kB | 82/592 kB | 109 kB | 77/192 kB
Progress (5): 58 kB | 75 kB | 85/592 kB | 109 kB | 77/192 kB
Progress (5): 58 kB | 75 kB | 85/592 kB | 109 kB | 80/192 kB
Progress (5): 58 kB | 75 kB | 88/592 kB | 109 kB | 80/192 kB
Progress (5): 58 kB | 75 kB | 90/592 kB | 109 kB | 80/192 kB
Progress (5): 58 kB | 75 kB | 93/592 kB | 109 kB | 80/192 kB
Progress (5): 58 kB | 75 kB | 93/592 kB | 109 kB | 82/192 kB
Progress (5): 58 kB | 75 kB | 93/592 kB | 109 kB | 85/192 kB

Downloaded from central: https://repo.maven.apache.org/maven2/org/tukaani/xz/1.8/xz-1.8.jar (109 kB at 213 kB/s)
Progress (4): 58 kB | 75 kB | 93/592 kB | 88/192 kB
Progress (4): 58 kB | 75 kB | 93/592 kB | 90/192 kB
Progress (4): 58 kB | 75 kB | 93/592 kB | 93/192 kB
Progress (4): 58 kB | 75 kB | 96/592 kB | 93/192 kB
Progress (4): 58 kB | 75 kB | 99/592 kB | 93/192 kB
Progress (4): 58 kB | 75 kB | 101/592 kB | 93/192 kB
Progress (4): 58 kB | 75 kB | 104/592 kB | 93/192 kB
Progress (4): 58 kB | 75 kB | 107/592 kB | 93/192 kB

Downloaded from central: https://repo.maven.apache.org/maven2/org/codehaus/plexus/plexus-io/3.1.0/plexus-io-3.1.0.jar (75 kB at 140 kB/s)
Downloaded from central: https://repo.maven.apache.org/maven2/org/iq80/snappy/snappy/0.4/snappy-0.4.jar (58 kB at 108 kB/s)
Progress (2): 110/592 kB | 93/192 kB
Progress (2): 112/592 kB | 93/192 kB
Progress (2): 115/592 kB | 93/192 kB
Progress (2): 118/592 kB | 93/192 kB
Progress (2): 121/592 kB | 93/192 kB
Progress (2): 123/592 kB | 93/192 kB
Progress (2): 126/592 kB | 93/192 kB
Progress (2): 129/592 kB | 93/192 kB
Progress (2): 132/592 kB | 93/192 kB
Progress (2): 134/592 kB | 93/192 kB
Progress (2): 134/592 kB | 96/192 kB
Progress (2): 134/592 kB | 99/192 kB
Progress (2): 134/592 kB | 101/192 kB
Progress (2): 134/592 kB | 104/192 kB
Progress (2): 134/592 kB | 107/192 kB
Progress (2): 134/592 kB | 110/192 kB
Progress (2): 137/592 kB | 110/192 kB
Progress (2): 140/592 kB | 110/192 kB
Progress (2): 143/592 kB | 110/192 kB
Progress (2): 145/592 kB | 110/192 kB
Progress (2): 148/592 kB | 110/192 kB
Progress (2): 151/592 kB | 110/192 kB
Progress (2): 154/592 kB | 110/192 kB
Progress (2): 156/592 kB | 110/192 kB
Progress (2): 159/592 kB | 110/192 kB
Progress (2): 162/592 kB | 110/192 kB
Progress (2): 165/592 kB | 110/192 kB
Progress (2): 167/592 kB | 110/192 kB
Progress (2): 170/592 kB | 110/192 kB
Progress (2): 173/592 kB | 110/192 kB
Progress (2): 175/592 kB | 110/192 kB
Progress (2): 175/592 kB | 112/192 kB
Progress (2): 175/592 kB | 115/192 kB
Progress (2): 175/592 kB | 118/192 kB
Progress (2): 175/592 kB | 121/192 kB
Progress (2): 175/592 kB | 123/192 kB
Progress (2): 175/592 kB | 126/192 kB
Progress (2): 175/592 kB | 129/192 kB
Progress (2): 175/592 kB | 132/192 kB
Progress (2): 175/592 kB | 134/192 kB
Progress (2): 175/592 kB | 137/192 kB
Progress (2): 175/592 kB | 140/192 kB
Progress (2): 175/592 kB | 143/192 kB
Progress (2): 175/592 kB | 145/192 kB
Progress (2): 175/592 kB | 148/192 kB
Progress (2): 175/592 kB | 151/192 kB
Progress (2): 175/592 kB | 154/192 kB
Progress (2): 175/592 kB | 156/192 kB
Progress (2): 175/592 kB | 159/192 kB
Progress (2): 178/592 kB | 159/192 kB
Progress (2): 178/592 kB | 162/192 kB
Progress (2): 181/592 kB | 162/192 kB
Progress (2): 181/592 kB | 165/192 kB
Progress (2): 181/592 kB | 167/192 kB
Progress (2): 181/592 kB | 170/192 kB
Progress (2): 181/592 kB | 173/192 kB
Progress (2): 184/592 kB | 173/192 kB
Progress (2): 184/592 kB | 175/192 kB
Progress (2): 184/592 kB | 178/192 kB
Progress (2): 184/592 kB | 181/192 kB
Progress (2): 186/592 kB | 181/192 kB
Progress (2): 186/592 kB | 184/192 kB
Progress (2): 189/592 kB | 184/192 kB
Progress (2): 192/592 kB | 184/192 kB
Progress (2): 195/592 kB | 184/192 kB
Progress (2): 197/592 kB | 184/192 kB
Progress (2): 200/592 kB | 184/192 kB
Progress (2): 200/592 kB | 186/192 kB
Progress (2): 203/592 kB | 186/192 kB
Progress (2): 203/592 kB | 189/192 kB
Progress (2): 203/592 kB | 192 kB
Progress (2): 206/592 kB | 192 kB
Progress (2): 208/592 kB | 192 kB
Progress (2): 211/592 kB | 192 kB
Progress (2): 214/592 kB | 192 kB
Progress (2): 217/592 kB | 192 kB
Progress (2): 219/592 kB | 192 kB
Progress (2): 223/592 kB | 192 kB
Progress (2): 227/592 kB | 192 kB
Progress (2): 231/592 kB | 192 kB
Progress (2): 235/592 kB | 192 kB
Progress (2): 239/592 kB | 192 kB
Progress (2): 243/592 kB | 192 kB
Progress (2): 247/592 kB | 192 kB
Progress (2): 251/592 kB | 192 kB
Progress (2): 256/592 kB | 192 kB
Progress (2): 260/592 kB | 192 kB
Progress (2): 264/592 kB | 192 kB
Progress (2): 268/592 kB | 192 kB
Progress (2): 272/592 kB | 192 kB
Progress (2): 276/592 kB | 192 kB
Progress (2): 280/592 kB | 192 kB
Progress (2): 284/592 kB | 192 kB
Progress (2): 288/592 kB | 192 kB
Progress (2): 292/592 kB | 192 kB
Progress (2): 297/592 kB | 192 kB
Progress (2): 301/592 kB | 192 kB
Progress (2): 305/592 kB | 192 kB
Progress (2): 309/592 kB | 192 kB
Progress (2): 313/592 kB | 192 kB
Progress (2): 317/592 kB | 192 kB
Progress (2): 321/592 kB | 192 kB
Progress (2): 325/592 kB | 192 kB
Progress (2): 329/592 kB | 192 kB
Progress (2): 333/592 kB | 192 kB
Progress (2): 338/592 kB | 192 kB
Progress (2): 342/592 kB | 192 kB
Progress (2): 346/592 kB | 192 kB
Progress (2): 350/592 kB | 192 kB

Downloaded from central: https://repo.maven.apache.org/maven2/org/codehaus/plexus/plexus-archiver/3.7.0/plexus-archiver-3.7.0.jar (192 kB at 222 kB/s)
Progress (1): 354/592 kB
Progress (1): 358/592 kB
Progress (1): 362/592 kB
Progress (1): 366/592 kB
Progress (1): 370/592 kB
Progress (1): 374/592 kB
Progress (1): 378/592 kB
Progress (1): 383/592 kB
Progress (1): 387/592 kB
Progress (1): 391/592 kB
Progress (1): 395/592 kB
Progress (1): 399/592 kB
Progress (1): 403/592 kB
Progress (1): 407/592 kB
Progress (1): 411/592 kB
Progress (1): 415/592 kB
Progress (1): 419/592 kB
Progress (1): 424/592 kB
Progress (1): 428/592 kB
Progress (1): 432/592 kB
Progress (1): 436/592 kB
Progress (1): 438/592 kB
Progress (1): 442/592 kB
Progress (1): 446/592 kB
Progress (1): 450/592 kB
Progress (1): 454/592 kB
Progress (1): 458/592 kB
Progress (1): 463/592 kB
Progress (1): 467/592 kB
Progress (1): 471/592 kB
Progress (1): 475/592 kB
Progress (1): 479/592 kB
Progress (1): 483/592 kB
Progress (1): 487/592 kB
Progress (1): 491/592 kB
Progress (1): 495/592 kB
Progress (1): 499/592 kB
Progress (1): 504/592 kB
Progress (1): 508/592 kB
Progress (1): 512/592 kB
Progress (1): 516/592 kB
Progress (1): 520/592 kB
Progress (1): 524/592 kB
Progress (1): 528/592 kB
Progress (1): 532/592 kB
Progress (1): 536/592 kB
Progress (1): 540/592 kB
Progress (1): 544/592 kB
Progress (1): 549/592 kB
Progress (1): 553/592 kB
Progress (1): 557/592 kB
Progress (1): 561/592 kB
Progress (1): 565/592 kB
Progress (1): 569/592 kB
Progress (1): 573/592 kB
Progress (1): 577/592 kB
Progress (1): 581/592 kB
Progress (1): 585/592 kB
Progress (1): 590/592 kB
Progress (1): 592 kB

Downloaded from central: https://repo.maven.apache.org/maven2/org/apache/commons/commons-compress/1.18/commons-compress-1.18.jar (592 kB at 544 kB/s)
[INFO] Building jar: /var/jenkins_home/workspace/Udacity-eCommerce/target/auth-course-0.0.1-SNAPSHOT.jar
[INFO]
[INFO] --- spring-boot-maven-plugin:2.1.5.RELEASE:repackage (repackage) @ auth-course ---
Downloading from central: https://repo.maven.apache.org/maven2/org/springframework/boot/spring-boot-loader-tools/2.1.5.RELEASE/spring-boot-loader-tools-2.1.5.RELEASE.pom
Progress (1): 2.7 kB

Downloaded from central: https://repo.maven.apache.org/maven2/org/springframework/boot/spring-boot-loader-tools/2.1.5.RELEASE/spring-boot-loader-tools-2.1.5.RELEASE.pom (2.7 kB at 22 kB/s)
Downloading from central: https://repo.maven.apache.org/maven2/org/apache/maven/maven-archiver/3.2.0/maven-archiver-3.2.0.pom
Progress (1): 4.1/4.3 kB
Progress (1): 4.3 kB

Downloaded from central: https://repo.maven.apache.org/maven2/org/apache/maven/maven-archiver/3.2.0/maven-archiver-3.2.0.pom (4.3 kB at 19 kB/s)
Downloading from central: https://repo.maven.apache.org/maven2/org/codehaus/plexus/plexus-component-annotations/1.5.5/plexus-component-annotations-1.5.5.pom
Progress (1): 815 B

Downloaded from central: https://repo.maven.apache.org/maven2/org/codehaus/plexus/plexus-component-annotations/1.5.5/plexus-component-annotations-1.5.5.pom (815 B at 4.6 kB/s)
Downloading from central: https://repo.maven.apache.org/maven2/org/codehaus/plexus/plexus-containers/1.5.5/plexus-containers-1.5.5.pom
Progress (1): 4.1/4.2 kB
Progress (1): 4.2 kB

Downloaded from central: https://repo.maven.apache.org/maven2/org/codehaus/plexus/plexus-containers/1.5.5/plexus-containers-1.5.5.pom (4.2 kB at 32 kB/s)
Downloading from central: https://repo.maven.apache.org/maven2/org/codehaus/plexus/plexus-component-annotations/1.5.4/plexus-component-annotations-1.5.4.pom
Progress (1): 815 B

Downloaded from central: https://repo.maven.apache.org/maven2/org/codehaus/plexus/plexus-component-annotations/1.5.4/plexus-component-annotations-1.5.4.pom (815 B at 6.7 kB/s)
Downloading from central: https://repo.maven.apache.org/maven2/org/codehaus/plexus/plexus-containers/1.5.4/plexus-containers-1.5.4.pom
Progress (1): 4.1/4.2 kB
Progress (1): 4.2 kB

Downloaded from central: https://repo.maven.apache.org/maven2/org/codehaus/plexus/plexus-containers/1.5.4/plexus-containers-1.5.4.pom (4.2 kB at 33 kB/s)
Downloading from central: https://repo.maven.apache.org/maven2/org/codehaus/plexus/plexus/2.0.5/plexus-2.0.5.pom
Progress (1): 4.1/17 kB
Progress (1): 8.2/17 kB
Progress (1): 12/17 kB
Progress (1): 16/17 kB
Progress (1): 17 kB

Downloaded from central: https://repo.maven.apache.org/maven2/org/codehaus/plexus/plexus/2.0.5/plexus-2.0.5.pom (17 kB at 156 kB/s)
Downloading from central: https://repo.maven.apache.org/maven2/org/apache/maven/shared/maven-shared-utils/3.2.0/maven-shared-utils-3.2.0.pom
Progress (1): 4.1/4.9 kB
Progress (1): 4.9 kB

Downloaded from central: https://repo.maven.apache.org/maven2/org/apache/maven/shared/maven-shared-utils/3.2.0/maven-shared-utils-3.2.0.pom (4.9 kB at 38 kB/s)
Downloading from central: https://repo.maven.apache.org/maven2/org/codehaus/plexus/plexus-archiver/3.5/plexus-archiver-3.5.pom
Progress (1): 4.1/4.8 kB
Progress (1): 4.8 kB

Downloaded from central: https://repo.maven.apache.org/maven2/org/codehaus/plexus/plexus-archiver/3.5/plexus-archiver-3.5.pom (4.8 kB at 36 kB/s)
Downloading from central: https://repo.maven.apache.org/maven2/org/codehaus/plexus/plexus-io/3.0.0/plexus-io-3.0.0.pom
Progress (1): 4.1/4.5 kB
Progress (1): 4.5 kB

Downloaded from central: https://repo.maven.apache.org/maven2/org/codehaus/plexus/plexus-io/3.0.0/plexus-io-3.0.0.pom (4.5 kB at 39 kB/s)
Downloading from central: https://repo.maven.apache.org/maven2/org/apache/commons/commons-compress/1.14/commons-compress-1.14.pom
Progress (1): 4.1/13 kB
Progress (1): 8.2/13 kB
Progress (1): 12/13 kB
Progress (1): 13 kB

Downloaded from central: https://repo.maven.apache.org/maven2/org/apache/commons/commons-compress/1.14/commons-compress-1.14.pom (13 kB at 117 kB/s)
Downloading from central: https://repo.maven.apache.org/maven2/org/tukaani/xz/1.6/xz-1.6.pom
Progress (1): 1.9 kB

Downloaded from central: https://repo.maven.apache.org/maven2/org/tukaani/xz/1.6/xz-1.6.pom (1.9 kB at 16 kB/s)
Downloading from central: https://repo.maven.apache.org/maven2/org/apache/maven/maven-artifact/3.3.9/maven-artifact-3.3.9.pom
Progress (1): 2.1 kB

Downloaded from central: https://repo.maven.apache.org/maven2/org/apache/maven/maven-artifact/3.3.9/maven-artifact-3.3.9.pom (2.1 kB at 20 kB/s)
Downloading from central: https://repo.maven.apache.org/maven2/org/apache/maven/maven/3.3.9/maven-3.3.9.pom
Progress (1): 4.1/24 kB
Progress (1): 8.2/24 kB
Progress (1): 12/24 kB
Progress (1): 16/24 kB
Progress (1): 20/24 kB
Progress (1): 24 kB

Downloaded from central: https://repo.maven.apache.org/maven2/org/apache/maven/maven/3.3.9/maven-3.3.9.pom (24 kB at 228 kB/s)
Downloading from central: https://repo.maven.apache.org/maven2/org/apache/maven/maven-parent/27/maven-parent-27.pom
Progress (1): 4.1/41 kB
Progress (1): 8.2/41 kB
Progress (1): 12/41 kB
Progress (1): 16/41 kB
Progress (1): 20/41 kB
Progress (1): 25/41 kB
Progress (1): 29/41 kB
Progress (1): 33/41 kB
Progress (1): 37/41 kB
Progress (1): 41 kB

Downloaded from central: https://repo.maven.apache.org/maven2/org/apache/maven/maven-parent/27/maven-parent-27.pom (41 kB at 230 kB/s)
Downloading from central: https://repo.maven.apache.org/maven2/org/apache/apache/17/apache-17.pom
Progress (1): 4.1/16 kB
Progress (1): 8.2/16 kB
Progress (1): 12/16 kB
Progress (1): 16 kB

Downloaded from central: https://repo.maven.apache.org/maven2/org/apache/apache/17/apache-17.pom (16 kB at 116 kB/s)
Downloading from central: https://repo.maven.apache.org/maven2/org/apache/commons/commons-lang3/3.8.1/commons-lang3-3.8.1.pom
Progress (1): 4.1/28 kB
Progress (1): 8.2/28 kB
Progress (1): 12/28 kB
Progress (1): 16/28 kB
Progress (1): 20/28 kB
Progress (1): 25/28 kB
Progress (1): 28 kB

Downloaded from central: https://repo.maven.apache.org/maven2/org/apache/commons/commons-lang3/3.8.1/commons-lang3-3.8.1.pom (28 kB at 221 kB/s)
Downloading from central: https://repo.maven.apache.org/maven2/org/apache/maven/maven-core/3.3.9/maven-core-3.3.9.pom
Progress (1): 4.1/8.3 kB
Progress (1): 8.2/8.3 kB
Progress (1): 8.3 kB

Downloaded from central: https://repo.maven.apache.org/maven2/org/apache/maven/maven-core/3.3.9/maven-core-3.3.9.pom (8.3 kB at 73 kB/s)
Downloading from central: https://repo.maven.apache.org/maven2/org/apache/maven/maven-model/3.3.9/maven-model-3.3.9.pom
Progress (1): 4.0 kB

Downloaded from central: https://repo.maven.apache.org/maven2/org/apache/maven/maven-model/3.3.9/maven-model-3.3.9.pom (4.0 kB at 22 kB/s)
Downloading from central: https://repo.maven.apache.org/maven2/org/apache/maven/maven-settings/3.3.9/maven-settings-3.3.9.pom
Progress (1): 1.8 kB

Downloaded from central: https://repo.maven.apache.org/maven2/org/apache/maven/maven-settings/3.3.9/maven-settings-3.3.9.pom (1.8 kB at 18 kB/s)
Downloading from central: https://repo.maven.apache.org/maven2/org/apache/maven/maven-settings-builder/3.3.9/maven-settings-builder-3.3.9.pom
Progress (1): 2.6 kB

Downloaded from central: https://repo.maven.apache.org/maven2/org/apache/maven/maven-settings-builder/3.3.9/maven-settings-builder-3.3.9.pom (2.6 kB at 20 kB/s)
Downloading from central: https://repo.maven.apache.org/maven2/org/apache/maven/maven-builder-support/3.3.9/maven-builder-support-3.3.9.pom
Progress (1): 1.7 kB

Downloaded from central: https://repo.maven.apache.org/maven2/org/apache/maven/maven-builder-support/3.3.9/maven-builder-support-3.3.9.pom (1.7 kB at 14 kB/s)
Downloading from central: https://repo.maven.apache.org/maven2/org/codehaus/plexus/plexus-interpolation/1.21/plexus-interpolation-1.21.pom
Progress (1): 1.5 kB

Downloaded from central: https://repo.maven.apache.org/maven2/org/codehaus/plexus/plexus-interpolation/1.21/plexus-interpolation-1.21.pom (1.5 kB at 14 kB/s)
Downloading from central: https://repo.maven.apache.org/maven2/org/codehaus/plexus/plexus-component-annotations/1.6/plexus-component-annotations-1.6.pom
Progress (1): 748 B

Downloaded from central: https://repo.maven.apache.org/maven2/org/codehaus/plexus/plexus-component-annotations/1.6/plexus-component-annotations-1.6.pom (748 B at 6.4 kB/s)
Downloading from central: https://repo.maven.apache.org/maven2/org/codehaus/plexus/plexus-containers/1.6/plexus-containers-1.6.pom
Progress (1): 3.8 kB

Downloaded from central: https://repo.maven.apache.org/maven2/org/codehaus/plexus/plexus-containers/1.6/plexus-containers-1.6.pom (3.8 kB at 31 kB/s)
Downloading from central: https://repo.maven.apache.org/maven2/org/codehaus/plexus/plexus/3.3.2/plexus-3.3.2.pom
Progress (1): 4.1/22 kB
Progress (1): 8.2/22 kB
Progress (1): 12/22 kB
Progress (1): 16/22 kB
Progress (1): 20/22 kB
Progress (1): 22 kB

Downloaded from central: https://repo.maven.apache.org/maven2/org/codehaus/plexus/plexus/3.3.2/plexus-3.3.2.pom (22 kB at 162 kB/s)
Downloading from central: https://repo.maven.apache.org/maven2/org/apache/maven/maven-repository-metadata/3.3.9/maven-repository-metadata-3.3.9.pom
Progress (1): 1.9 kB

Downloaded from central: https://repo.maven.apache.org/maven2/org/apache/maven/maven-repository-metadata/3.3.9/maven-repository-metadata-3.3.9.pom (1.9 kB at 15 kB/s)
Downloading from central: https://repo.maven.apache.org/maven2/org/apache/maven/maven-plugin-api/3.3.9/maven-plugin-api-3.3.9.pom
Progress (1): 2.7 kB

Downloaded from central: https://repo.maven.apache.org/maven2/org/apache/maven/maven-plugin-api/3.3.9/maven-plugin-api-3.3.9.pom (2.7 kB at 22 kB/s)
Downloading from central: https://repo.maven.apache.org/maven2/org/eclipse/sisu/org.eclipse.sisu.plexus/0.3.2/org.eclipse.sisu.plexus-0.3.2.pom
Progress (1): 4.1/4.2 kB
Progress (1): 4.2 kB

Downloaded from central: https://repo.maven.apache.org/maven2/org/eclipse/sisu/org.eclipse.sisu.plexus/0.3.2/org.eclipse.sisu.plexus-0.3.2.pom (4.2 kB at 29 kB/s)
Downloading from central: https://repo.maven.apache.org/maven2/org/eclipse/sisu/sisu-plexus/0.3.2/sisu-plexus-0.3.2.pom
Progress (1): 4.1/14 kB
Progress (1): 8.2/14 kB
Progress (1): 12/14 kB
Progress (1): 14 kB

Downloaded from central: https://repo.maven.apache.org/maven2/org/eclipse/sisu/sisu-plexus/0.3.2/sisu-plexus-0.3.2.pom (14 kB at 131 kB/s)
Downloading from central: https://repo.maven.apache.org/maven2/javax/enterprise/cdi-api/1.0/cdi-api-1.0.pom
Progress (1): 1.4 kB

Downloaded from central: https://repo.maven.apache.org/maven2/javax/enterprise/cdi-api/1.0/cdi-api-1.0.pom (1.4 kB at 12 kB/s)
Downloading from central: https://repo.maven.apache.org/maven2/org/jboss/weld/weld-api-parent/1.0/weld-api-parent-1.0.pom
Progress (1): 2.4 kB

Downloaded from central: https://repo.maven.apache.org/maven2/org/jboss/weld/weld-api-parent/1.0/weld-api-parent-1.0.pom (2.4 kB at 19 kB/s)
Downloading from central: https://repo.maven.apache.org/maven2/org/jboss/weld/weld-api-bom/1.0/weld-api-bom-1.0.pom
Progress (1): 4.1/7.9 kB
Progress (1): 7.9 kB

Downloaded from central: https://repo.maven.apache.org/maven2/org/jboss/weld/weld-api-bom/1.0/weld-api-bom-1.0.pom (7.9 kB at 68 kB/s)
Downloading from central: https://repo.maven.apache.org/maven2/org/jboss/weld/weld-parent/6/weld-parent-6.pom
Progress (1): 4.1/21 kB
Progress (1): 8.2/21 kB
Progress (1): 12/21 kB
Progress (1): 16/21 kB
Progress (1): 20/21 kB
Progress (1): 21 kB

Downloaded from central: https://repo.maven.apache.org/maven2/org/jboss/weld/weld-parent/6/weld-parent-6.pom (21 kB at 151 kB/s)
Downloading from central: https://repo.maven.apache.org/maven2/javax/annotation/jsr250-api/1.0/jsr250-api-1.0.pom
Progress (1): 1.0 kB

Downloaded from central: https://repo.maven.apache.org/maven2/javax/annotation/jsr250-api/1.0/jsr250-api-1.0.pom (1.0 kB at 8.5 kB/s)
Downloading from central: https://repo.maven.apache.org/maven2/javax/inject/javax.inject/1/javax.inject-1.pom
Progress (1): 612 B

Downloaded from central: https://repo.maven.apache.org/maven2/javax/inject/javax.inject/1/javax.inject-1.pom (612 B at 5.3 kB/s)
Downloading from central: https://repo.maven.apache.org/maven2/org/eclipse/sisu/org.eclipse.sisu.inject/0.3.2/org.eclipse.sisu.inject-0.3.2.pom
Progress (1): 2.6 kB

Downloaded from central: https://repo.maven.apache.org/maven2/org/eclipse/sisu/org.eclipse.sisu.inject/0.3.2/org.eclipse.sisu.inject-0.3.2.pom (2.6 kB at 22 kB/s)
Downloading from central: https://repo.maven.apache.org/maven2/org/eclipse/sisu/sisu-inject/0.3.2/sisu-inject-0.3.2.pom
Progress (1): 4.1/14 kB
Progress (1): 8.2/14 kB
Progress (1): 12/14 kB
Progress (1): 14 kB

Downloaded from central: https://repo.maven.apache.org/maven2/org/eclipse/sisu/sisu-inject/0.3.2/sisu-inject-0.3.2.pom (14 kB at 108 kB/s)
Downloading from central: https://repo.maven.apache.org/maven2/org/codehaus/plexus/plexus-classworlds/2.5.2/plexus-classworlds-2.5.2.pom
Progress (1): 4.1/7.3 kB
Progress (1): 7.3 kB

Downloaded from central: https://repo.maven.apache.org/maven2/org/codehaus/plexus/plexus-classworlds/2.5.2/plexus-classworlds-2.5.2.pom (7.3 kB at 68 kB/s)
Downloading from central: https://repo.maven.apache.org/maven2/org/codehaus/plexus/plexus-utils/3.0.17/plexus-utils-3.0.17.pom
Progress (1): 3.4 kB

Downloaded from central: https://repo.maven.apache.org/maven2/org/codehaus/plexus/plexus-utils/3.0.17/plexus-utils-3.0.17.pom (3.4 kB at 36 kB/s)
Downloading from central: https://repo.maven.apache.org/maven2/org/apache/maven/maven-model-builder/3.3.9/maven-model-builder-3.3.9.pom
Progress (1): 3.1 kB

Downloaded from central: https://repo.maven.apache.org/maven2/org/apache/maven/maven-model-builder/3.3.9/maven-model-builder-3.3.9.pom (3.1 kB at 24 kB/s)
Downloading from central: https://repo.maven.apache.org/maven2/com/google/guava/guava/18.0/guava-18.0.pom
Progress (1): 4.1/5.7 kB
Progress (1): 5.7 kB

Downloaded from central: https://repo.maven.apache.org/maven2/com/google/guava/guava/18.0/guava-18.0.pom (5.7 kB at 47 kB/s)
Downloading from central: https://repo.maven.apache.org/maven2/com/google/guava/guava-parent/18.0/guava-parent-18.0.pom
Progress (1): 4.1/7.7 kB
Progress (1): 7.7 kB

Downloaded from central: https://repo.maven.apache.org/maven2/com/google/guava/guava-parent/18.0/guava-parent-18.0.pom (7.7 kB at 65 kB/s)
Downloading from central: https://repo.maven.apache.org/maven2/org/apache/maven/maven-aether-provider/3.3.9/maven-aether-provider-3.3.9.pom
Progress (1): 4.0 kB

Downloaded from central: https://repo.maven.apache.org/maven2/org/apache/maven/maven-aether-provider/3.3.9/maven-aether-provider-3.3.9.pom (4.0 kB at 36 kB/s)
Downloading from central: https://repo.maven.apache.org/maven2/org/eclipse/aether/aether-api/1.0.2.v20150114/aether-api-1.0.2.v20150114.pom
Progress (1): 1.8 kB

Downloaded from central: https://repo.maven.apache.org/maven2/org/eclipse/aether/aether-api/1.0.2.v20150114/aether-api-1.0.2.v20150114.pom (1.8 kB at 17 kB/s)
Downloading from central: https://repo.maven.apache.org/maven2/org/eclipse/aether/aether/1.0.2.v20150114/aether-1.0.2.v20150114.pom
Progress (1): 4.1/29 kB
Progress (1): 8.2/29 kB
Progress (1): 12/29 kB
Progress (1): 16/29 kB
Progress (1): 20/29 kB
Progress (1): 25/29 kB
Progress (1): 29/29 kB
Progress (1): 29 kB

Downloaded from central: https://repo.maven.apache.org/maven2/org/eclipse/aether/aether/1.0.2.v20150114/aether-1.0.2.v20150114.pom (29 kB at 219 kB/s)
Downloading from central: https://repo.maven.apache.org/maven2/org/eclipse/aether/aether-spi/1.0.2.v20150114/aether-spi-1.0.2.v20150114.pom
Progress (1): 2.0 kB

Downloaded from central: https://repo.maven.apache.org/maven2/org/eclipse/aether/aether-spi/1.0.2.v20150114/aether-spi-1.0.2.v20150114.pom (2.0 kB at 19 kB/s)
Downloading from central: https://repo.maven.apache.org/maven2/org/eclipse/aether/aether-util/1.0.2.v20150114/aether-util-1.0.2.v20150114.pom
Progress (1): 2.1 kB

Downloaded from central: https://repo.maven.apache.org/maven2/org/eclipse/aether/aether-util/1.0.2.v20150114/aether-util-1.0.2.v20150114.pom (2.1 kB at 16 kB/s)
Downloading from central: https://repo.maven.apache.org/maven2/org/eclipse/aether/aether-impl/1.0.2.v20150114/aether-impl-1.0.2.v20150114.pom
Progress (1): 3.4 kB

Downloaded from central: https://repo.maven.apache.org/maven2/org/eclipse/aether/aether-impl/1.0.2.v20150114/aether-impl-1.0.2.v20150114.pom (3.4 kB at 32 kB/s)
Downloading from central: https://repo.maven.apache.org/maven2/com/google/inject/guice/4.0/guice-4.0.pom
Progress (1): 4.1/11 kB
Progress (1): 8.2/11 kB
Progress (1): 11 kB

Downloaded from central: https://repo.maven.apache.org/maven2/com/google/inject/guice/4.0/guice-4.0.pom (11 kB at 85 kB/s)
Downloading from central: https://repo.maven.apache.org/maven2/com/google/inject/guice-parent/4.0/guice-parent-4.0.pom
Progress (1): 4.1/15 kB
Progress (1): 8.2/15 kB
Progress (1): 12/15 kB
Progress (1): 15 kB

Downloaded from central: https://repo.maven.apache.org/maven2/com/google/inject/guice-parent/4.0/guice-parent-4.0.pom (15 kB at 116 kB/s)
Downloading from central: https://repo.maven.apache.org/maven2/com/google/google/5/google-5.pom
Progress (1): 2.5 kB

Downloaded from central: https://repo.maven.apache.org/maven2/com/google/google/5/google-5.pom (2.5 kB at 26 kB/s)
Downloading from central: https://repo.maven.apache.org/maven2/aopalliance/aopalliance/1.0/aopalliance-1.0.pom
Progress (1): 363 B

Downloaded from central: https://repo.maven.apache.org/maven2/aopalliance/aopalliance/1.0/aopalliance-1.0.pom (363 B at 2.8 kB/s)
Downloading from central: https://repo.maven.apache.org/maven2/com/google/guava/guava/16.0.1/guava-16.0.1.pom
Progress (1): 4.1/6.1 kB
Progress (1): 6.1 kB

Downloaded from central: https://repo.maven.apache.org/maven2/com/google/guava/guava/16.0.1/guava-16.0.1.pom (6.1 kB at 55 kB/s)
Downloading from central: https://repo.maven.apache.org/maven2/com/google/guava/guava-parent/16.0.1/guava-parent-16.0.1.pom
Progress (1): 4.1/7.3 kB
Progress (1): 7.3 kB

Downloaded from central: https://repo.maven.apache.org/maven2/com/google/guava/guava-parent/16.0.1/guava-parent-16.0.1.pom (7.3 kB at 61 kB/s)
Downloading from central: https://repo.maven.apache.org/maven2/org/apache/maven/shared/maven-common-artifact-filters/3.0.1/maven-common-artifact-filters-3.0.1.pom
Progress (1): 4.1/4.8 kB
Progress (1): 4.8 kB

Downloaded from central: https://repo.maven.apache.org/maven2/org/apache/maven/shared/maven-common-artifact-filters/3.0.1/maven-common-artifact-filters-3.0.1.pom (4.8 kB at 50 kB/s)
Downloading from central: https://repo.maven.apache.org/maven2/org/apache/maven/shared/maven-shared-utils/3.1.0/maven-shared-utils-3.1.0.pom
Progress (1): 4.1/5.0 kB
Progress (1): 5.0 kB

Downloaded from central: https://repo.maven.apache.org/maven2/org/apache/maven/shared/maven-shared-utils/3.1.0/maven-shared-utils-3.1.0.pom (5.0 kB at 45 kB/s)
Downloading from central: https://repo.maven.apache.org/maven2/org/apache/maven/plugins/maven-shade-plugin/3.2.1/maven-shade-plugin-3.2.1.pom
Progress (1): 4.1/9.3 kB
Progress (1): 8.2/9.3 kB
Progress (1): 9.3 kB

Downloaded from central: https://repo.maven.apache.org/maven2/org/apache/maven/plugins/maven-shade-plugin/3.2.1/maven-shade-plugin-3.2.1.pom (9.3 kB at 70 kB/s)
Downloading from central: https://repo.maven.apache.org/maven2/org/apache/maven/shared/maven-artifact-transfer/0.10.0/maven-artifact-transfer-0.10.0.pom
Progress (1): 4.1/12 kB
Progress (1): 8.2/12 kB
Progress (1): 12 kB

Downloaded from central: https://repo.maven.apache.org/maven2/org/apache/maven/shared/maven-artifact-transfer/0.10.0/maven-artifact-transfer-0.10.0.pom (12 kB at 90 kB/s)
Downloading from central: https://repo.maven.apache.org/maven2/org/apache/maven/shared/maven-shared-components/31/maven-shared-components-31.pom
Progress (1): 4.1/5.1 kB
Progress (1): 5.1 kB

Downloaded from central: https://repo.maven.apache.org/maven2/org/apache/maven/shared/maven-shared-components/31/maven-shared-components-31.pom (5.1 kB at 56 kB/s)
Downloading from central: https://repo.maven.apache.org/maven2/org/ow2/asm/asm/7.0/asm-7.0.pom
Progress (1): 2.9 kB

Downloaded from central: https://repo.maven.apache.org/maven2/org/ow2/asm/asm/7.0/asm-7.0.pom (2.9 kB at 29 kB/s)
Downloading from central: https://repo.maven.apache.org/maven2/org/ow2/asm/asm-commons/7.0/asm-commons-7.0.pom
Progress (1): 3.7 kB

Downloaded from central: https://repo.maven.apache.org/maven2/org/ow2/asm/asm-commons/7.0/asm-commons-7.0.pom (3.7 kB at 33 kB/s)
Downloading from central: https://repo.maven.apache.org/maven2/org/ow2/asm/asm-tree/7.0/asm-tree-7.0.pom
Progress (1): 3.1 kB

Downloaded from central: https://repo.maven.apache.org/maven2/org/ow2/asm/asm-tree/7.0/asm-tree-7.0.pom (3.1 kB at 29 kB/s)
Downloading from central: https://repo.maven.apache.org/maven2/org/ow2/asm/asm-analysis/7.0/asm-analysis-7.0.pom
Progress (1): 3.2 kB

Downloaded from central: https://repo.maven.apache.org/maven2/org/ow2/asm/asm-analysis/7.0/asm-analysis-7.0.pom (3.2 kB at 19 kB/s)
Downloading from central: https://repo.maven.apache.org/maven2/org/jdom/jdom2/2.0.6/jdom2-2.0.6.pom
Progress (1): 4.1/4.6 kB
Progress (1): 4.6 kB

Downloaded from central: https://repo.maven.apache.org/maven2/org/jdom/jdom2/2.0.6/jdom2-2.0.6.pom (4.6 kB at 37 kB/s)
Downloading from central: https://repo.maven.apache.org/maven2/org/apache/maven/shared/maven-dependency-tree/3.0.1/maven-dependency-tree-3.0.1.pom
Progress (1): 4.1/7.5 kB
Progress (1): 7.5 kB

Downloaded from central: https://repo.maven.apache.org/maven2/org/apache/maven/shared/maven-dependency-tree/3.0.1/maven-dependency-tree-3.0.1.pom (7.5 kB at 60 kB/s)
Downloading from central: https://repo.maven.apache.org/maven2/org/eclipse/aether/aether-util/0.9.0.M2/aether-util-0.9.0.M2.pom
Progress (1): 2.0 kB

Downloaded from central: https://repo.maven.apache.org/maven2/org/eclipse/aether/aether-util/0.9.0.M2/aether-util-0.9.0.M2.pom (2.0 kB at 20 kB/s)
Downloading from central: https://repo.maven.apache.org/maven2/org/eclipse/aether/aether/0.9.0.M2/aether-0.9.0.M2.pom
Progress (1): 4.1/28 kB
Progress (1): 8.2/28 kB
Progress (1): 12/28 kB
Progress (1): 16/28 kB
Progress (1): 20/28 kB
Progress (1): 25/28 kB
Progress (1): 28 kB

Downloaded from central: https://repo.maven.apache.org/maven2/org/eclipse/aether/aether/0.9.0.M2/aether-0.9.0.M2.pom (28 kB at 230 kB/s)
Downloading from central: https://repo.maven.apache.org/maven2/org/vafer/jdependency/2.1.1/jdependency-2.1.1.pom
Progress (1): 4.1/11 kB
Progress (1): 8.2/11 kB
Progress (1): 11 kB

Downloaded from central: https://repo.maven.apache.org/maven2/org/vafer/jdependency/2.1.1/jdependency-2.1.1.pom (11 kB at 86 kB/s)
Downloading from central: https://repo.maven.apache.org/maven2/org/ow2/asm/asm/7.0-beta/asm-7.0-beta.pom
Progress (1): 2.9 kB

Downloaded from central: https://repo.maven.apache.org/maven2/org/ow2/asm/asm/7.0-beta/asm-7.0-beta.pom (2.9 kB at 28 kB/s)
Downloading from central: https://repo.maven.apache.org/maven2/org/ow2/asm/asm-analysis/7.0-beta/asm-analysis-7.0-beta.pom
Progress (1): 3.2 kB

Downloaded from central: https://repo.maven.apache.org/maven2/org/ow2/asm/asm-analysis/7.0-beta/asm-analysis-7.0-beta.pom (3.2 kB at 27 kB/s)
Downloading from central: https://repo.maven.apache.org/maven2/org/ow2/asm/asm-tree/7.0-beta/asm-tree-7.0-beta.pom
Progress (1): 3.1 kB

Downloaded from central: https://repo.maven.apache.org/maven2/org/ow2/asm/asm-tree/7.0-beta/asm-tree-7.0-beta.pom (3.1 kB at 28 kB/s)
Downloading from central: https://repo.maven.apache.org/maven2/org/ow2/asm/asm-commons/7.0-beta/asm-commons-7.0-beta.pom
Progress (1): 3.7 kB

Downloaded from central: https://repo.maven.apache.org/maven2/org/ow2/asm/asm-commons/7.0-beta/asm-commons-7.0-beta.pom (3.7 kB at 39 kB/s)
Downloading from central: https://repo.maven.apache.org/maven2/org/ow2/asm/asm-util/7.0-beta/asm-util-7.0-beta.pom
Progress (1): 3.7 kB

Downloaded from central: https://repo.maven.apache.org/maven2/org/ow2/asm/asm-util/7.0-beta/asm-util-7.0-beta.pom (3.7 kB at 30 kB/s)
Downloading from central: https://repo.maven.apache.org/maven2/com/google/guava/guava/19.0/guava-19.0.pom
Progress (1): 4.1/6.8 kB
Progress (1): 6.8 kB

Downloaded from central: https://repo.maven.apache.org/maven2/com/google/guava/guava/19.0/guava-19.0.pom (6.8 kB at 61 kB/s)
Downloading from central: https://repo.maven.apache.org/maven2/com/google/guava/guava-parent/19.0/guava-parent-19.0.pom
Progress (1): 4.1/9.9 kB
Progress (1): 8.2/9.9 kB
Progress (1): 9.9 kB

Downloaded from central: https://repo.maven.apache.org/maven2/com/google/guava/guava-parent/19.0/guava-parent-19.0.pom (9.9 kB at 91 kB/s)
Downloading from central: https://repo.maven.apache.org/maven2/org/springframework/boot/spring-boot-loader-tools/2.1.5.RELEASE/spring-boot-loader-tools-2.1.5.RELEASE.jar
Downloading from central: https://repo.maven.apache.org/maven2/org/apache/maven/maven-archiver/3.2.0/maven-archiver-3.2.0.jar
Downloading from central: https://repo.maven.apache.org/maven2/org/apache/maven/shared/maven-shared-utils/3.2.0/maven-shared-utils-3.2.0.jar
Downloading from central: https://repo.maven.apache.org/maven2/org/codehaus/plexus/plexus-interpolation/1.22/plexus-interpolation-1.22.jar
Downloading from central: https://repo.maven.apache.org/maven2/org/apache/maven/maven-artifact/3.3.9/maven-artifact-3.3.9.jar
Progress (1): 2.7/24 kB
Progress (1): 5.5/24 kB
Progress (1): 8.2/24 kB
Progress (1): 11/24 kB
Progress (1): 14/24 kB
Progress (1): 16/24 kB
Progress (1): 19/24 kB
Progress (1): 22/24 kB
Progress (1): 24 kB
Progress (2): 24 kB | 2.7/165 kB
Progress (2): 24 kB | 5.5/165 kB
Progress (2): 24 kB | 8.2/165 kB
Progress (2): 24 kB | 11/165 kB
Progress (2): 24 kB | 14/165 kB
Progress (2): 24 kB | 16/165 kB
Progress (3): 24 kB | 16/165 kB | 4.1/149 kB
Progress (3): 24 kB | 16/165 kB | 8.2/149 kB
Progress (3): 24 kB | 16/165 kB | 12/149 kB
Progress (3): 24 kB | 16/165 kB | 16/149 kB
Progress (3): 24 kB | 19/165 kB | 16/149 kB
Progress (3): 24 kB | 22/165 kB | 16/149 kB
Progress (3): 24 kB | 22/165 kB | 20/149 kB
Progress (3): 24 kB | 22/165 kB | 25/149 kB
Progress (3): 24 kB | 22/165 kB | 29/149 kB
Progress (3): 24 kB | 22/165 kB | 33/149 kB
Progress (3): 24 kB | 25/165 kB | 33/149 kB
Progress (3): 24 kB | 27/165 kB | 33/149 kB
Progress (3): 24 kB | 30/165 kB | 33/149 kB
Progress (3): 24 kB | 33/165 kB | 33/149 kB
Progress (3): 24 kB | 36/165 kB | 33/149 kB
Progress (3): 24 kB | 36/165 kB | 37/149 kB
Progress (3): 24 kB | 36/165 kB | 41/149 kB
Progress (3): 24 kB | 36/165 kB | 45/149 kB
Progress (3): 24 kB | 36/165 kB | 49/149 kB
Progress (3): 24 kB | 38/165 kB | 49/149 kB
Progress (3): 24 kB | 41/165 kB | 49/149 kB
Progress (3): 24 kB | 44/165 kB | 49/149 kB
Progress (3): 24 kB | 47/165 kB | 49/149 kB
Progress (3): 24 kB | 47/165 kB | 53/149 kB
Progress (3): 24 kB | 47/165 kB | 57/149 kB
Progress (3): 24 kB | 47/165 kB | 61/149 kB
Progress (3): 24 kB | 47/165 kB | 66/149 kB
Progress (3): 24 kB | 49/165 kB | 66/149 kB
Progress (3): 24 kB | 52/165 kB | 66/149 kB
Progress (3): 24 kB | 52/165 kB | 70/149 kB
Progress (3): 24 kB | 52/165 kB | 74/149 kB
Progress (3): 24 kB | 52/165 kB | 78/149 kB
Progress (3): 24 kB | 52/165 kB | 82/149 kB
Progress (3): 24 kB | 55/165 kB | 82/149 kB
Progress (3): 24 kB | 58/165 kB | 82/149 kB
Progress (3): 24 kB | 60/165 kB | 82/149 kB
Progress (3): 24 kB | 63/165 kB | 82/149 kB
Progress (3): 24 kB | 66/165 kB | 82/149 kB
Progress (3): 24 kB | 69/165 kB | 82/149 kB
Progress (3): 24 kB | 69/165 kB | 86/149 kB
Progress (3): 24 kB | 69/165 kB | 90/149 kB
Progress (3): 24 kB | 69/165 kB | 94/149 kB
Progress (3): 24 kB | 69/165 kB | 98/149 kB
Progress (3): 24 kB | 71/165 kB | 98/149 kB
Progress (3): 24 kB | 74/165 kB | 98/149 kB
Progress (3): 24 kB | 77/165 kB | 98/149 kB
Progress (3): 24 kB | 77/165 kB | 102/149 kB
Progress (3): 24 kB | 77/165 kB | 106/149 kB
Progress (3): 24 kB | 77/165 kB | 111/149 kB
Progress (3): 24 kB | 77/165 kB | 115/149 kB
Progress (3): 24 kB | 80/165 kB | 115/149 kB
Progress (3): 24 kB | 82/165 kB | 115/149 kB
Progress (3): 24 kB | 85/165 kB | 115/149 kB
Progress (3): 24 kB | 85/165 kB | 119/149 kB
Progress (3): 24 kB | 85/165 kB | 123/149 kB
Progress (3): 24 kB | 85/165 kB | 127/149 kB
Progress (3): 24 kB | 85/165 kB | 131/149 kB
Progress (3): 24 kB | 88/165 kB | 131/149 kB
Progress (3): 24 kB | 88/165 kB | 135/149 kB
Progress (3): 24 kB | 88/165 kB | 139/149 kB
Progress (3): 24 kB | 88/165 kB | 143/149 kB
Progress (3): 24 kB | 88/165 kB | 147/149 kB
Progress (4): 24 kB | 88/165 kB | 147/149 kB | 2.7/77 kB
Progress (4): 24 kB | 88/165 kB | 147/149 kB | 5.5/77 kB
Progress (4): 24 kB | 88/165 kB | 149 kB | 5.5/77 kB
Progress (4): 24 kB | 88/165 kB | 149 kB | 8.2/77 kB
Progress (4): 24 kB | 88/165 kB | 149 kB | 11/77 kB
Progress (4): 24 kB | 88/165 kB | 149 kB | 14/77 kB
Progress (4): 24 kB | 88/165 kB | 149 kB | 16/77 kB
Progress (4): 24 kB | 88/165 kB | 149 kB | 19/77 kB
Progress (4): 24 kB | 88/165 kB | 149 kB | 22/77 kB
Progress (4): 24 kB | 88/165 kB | 149 kB | 25/77 kB
Progress (4): 24 kB | 88/165 kB | 149 kB | 27/77 kB
Progress (5): 24 kB | 88/165 kB | 149 kB | 27/77 kB | 4.1/55 kB
Progress (5): 24 kB | 88/165 kB | 149 kB | 27/77 kB | 8.2/55 kB
Progress (5): 24 kB | 88/165 kB | 149 kB | 27/77 kB | 12/55 kB
Progress (5): 24 kB | 88/165 kB | 149 kB | 27/77 kB | 16/55 kB
Progress (5): 24 kB | 88/165 kB | 149 kB | 27/77 kB | 20/55 kB
Progress (5): 24 kB | 88/165 kB | 149 kB | 27/77 kB | 25/55 kB
Progress (5): 24 kB | 88/165 kB | 149 kB | 27/77 kB | 29/55 kB
Progress (5): 24 kB | 88/165 kB | 149 kB | 27/77 kB | 33/55 kB
Progress (5): 24 kB | 88/165 kB | 149 kB | 30/77 kB | 33/55 kB
Progress (5): 24 kB | 88/165 kB | 149 kB | 30/77 kB | 37/55 kB
Progress (5): 24 kB | 88/165 kB | 149 kB | 30/77 kB | 41/55 kB
Progress (5): 24 kB | 88/165 kB | 149 kB | 30/77 kB | 45/55 kB
Progress (5): 24 kB | 88/165 kB | 149 kB | 30/77 kB | 49/55 kB
Progress (5): 24 kB | 88/165 kB | 149 kB | 30/77 kB | 53/55 kB
Progress (5): 24 kB | 88/165 kB | 149 kB | 30/77 kB | 55 kB
Progress (5): 24 kB | 88/165 kB | 149 kB | 33/77 kB | 55 kB
Progress (5): 24 kB | 88/165 kB | 149 kB | 36/77 kB | 55 kB
Progress (5): 24 kB | 88/165 kB | 149 kB | 38/77 kB | 55 kB
Progress (5): 24 kB | 88/165 kB | 149 kB | 41/77 kB | 55 kB
Progress (5): 24 kB | 88/165 kB | 149 kB | 44/77 kB | 55 kB
Progress (5): 24 kB | 88/165 kB | 149 kB | 47/77 kB | 55 kB
Progress (5): 24 kB | 88/165 kB | 149 kB | 49/77 kB | 55 kB
Progress (5): 24 kB | 88/165 kB | 149 kB | 52/77 kB | 55 kB
Progress (5): 24 kB | 88/165 kB | 149 kB | 55/77 kB | 55 kB
Progress (5): 24 kB | 88/165 kB | 149 kB | 58/77 kB | 55 kB
Progress (5): 24 kB | 88/165 kB | 149 kB | 60/77 kB | 55 kB
Progress (5): 24 kB | 88/165 kB | 149 kB | 63/77 kB | 55 kB
Progress (5): 24 kB | 88/165 kB | 149 kB | 66/77 kB | 55 kB
Progress (5): 24 kB | 90/165 kB | 149 kB | 66/77 kB | 55 kB
Progress (5): 24 kB | 93/165 kB | 149 kB | 66/77 kB | 55 kB
Progress (5): 24 kB | 96/165 kB | 149 kB | 66/77 kB | 55 kB
Progress (5): 24 kB | 99/165 kB | 149 kB | 66/77 kB | 55 kB
Progress (5): 24 kB | 101/165 kB | 149 kB | 66/77 kB | 55 kB
Progress (5): 24 kB | 101/165 kB | 149 kB | 69/77 kB | 55 kB
Progress (5): 24 kB | 101/165 kB | 149 kB | 71/77 kB | 55 kB
Progress (5): 24 kB | 104/165 kB | 149 kB | 71/77 kB | 55 kB
Progress (5): 24 kB | 107/165 kB | 149 kB | 71/77 kB | 55 kB
Progress (5): 24 kB | 110/165 kB | 149 kB | 71/77 kB | 55 kB
Progress (5): 24 kB | 112/165 kB | 149 kB | 71/77 kB | 55 kB
Progress (5): 24 kB | 115/165 kB | 149 kB | 71/77 kB | 55 kB
Progress (5): 24 kB | 118/165 kB | 149 kB | 71/77 kB | 55 kB
Progress (5): 24 kB | 121/165 kB | 149 kB | 71/77 kB | 55 kB
Progress (5): 24 kB | 123/165 kB | 149 kB | 71/77 kB | 55 kB
Progress (5): 24 kB | 126/165 kB | 149 kB | 71/77 kB | 55 kB
Progress (5): 24 kB | 129/165 kB | 149 kB | 71/77 kB | 55 kB
Progress (5): 24 kB | 132/165 kB | 149 kB | 71/77 kB | 55 kB

Downloaded from central: https://repo.maven.apache.org/maven2/org/apache/maven/maven-archiver/3.2.0/maven-archiver-3.2.0.jar (24 kB at 53 kB/s)
Downloading from central: https://repo.maven.apache.org/maven2/org/apache/commons/commons-lang3/3.8.1/commons-lang3-3.8.1.jar
Progress (4): 134/165 kB | 149 kB | 71/77 kB | 55 kB
Progress (4): 137/165 kB | 149 kB | 71/77 kB | 55 kB
Progress (4): 140/165 kB | 149 kB | 71/77 kB | 55 kB
Progress (4): 143/165 kB | 149 kB | 71/77 kB | 55 kB
Progress (4): 143/165 kB | 149 kB | 74/77 kB | 55 kB
Progress (4): 143/165 kB | 149 kB | 77/77 kB | 55 kB
Progress (4): 143/165 kB | 149 kB | 77 kB | 55 kB

Downloaded from central: https://repo.maven.apache.org/maven2/org/apache/maven/maven-artifact/3.3.9/maven-artifact-3.3.9.jar (55 kB at 119 kB/s)
Downloaded from central: https://repo.maven.apache.org/maven2/org/springframework/boot/spring-boot-loader-tools/2.1.5.RELEASE/spring-boot-loader-tools-2.1.5.RELEASE.jar (149 kB at 311 kB/s)
Downloading from central: https://repo.maven.apache.org/maven2/org/apache/maven/maven-core/3.3.9/maven-core-3.3.9.jar
Downloading from central: https://repo.maven.apache.org/maven2/org/apache/maven/maven-settings-builder/3.3.9/maven-settings-builder-3.3.9.jar
Progress (2): 145/165 kB | 77 kB
Progress (2): 148/165 kB | 77 kB
Progress (2): 151/165 kB | 77 kB
Progress (2): 154/165 kB | 77 kB
Progress (2): 156/165 kB | 77 kB
Progress (2): 159/165 kB | 77 kB
Progress (2): 162/165 kB | 77 kB
Progress (2): 165/165 kB | 77 kB
Progress (2): 165 kB | 77 kB
Progress (3): 165 kB | 77 kB | 4.1/502 kB
Progress (3): 165 kB | 77 kB | 8.2/502 kB
Progress (3): 165 kB | 77 kB | 12/502 kB
Progress (3): 165 kB | 77 kB | 16/502 kB

Downloaded from central: https://repo.maven.apache.org/maven2/org/codehaus/plexus/plexus-interpolation/1.22/plexus-interpolation-1.22.jar (77 kB at 149 kB/s)
Downloading from central: https://repo.maven.apache.org/maven2/org/apache/maven/maven-builder-support/3.3.9/maven-builder-support-3.3.9.jar
Progress (2): 165 kB | 20/502 kB
Progress (2): 165 kB | 25/502 kB
Progress (2): 165 kB | 29/502 kB
Progress (2): 165 kB | 33/502 kB
Progress (2): 165 kB | 37/502 kB
Progress (2): 165 kB | 41/502 kB
Progress (2): 165 kB | 45/502 kB
Progress (2): 165 kB | 49/502 kB
Progress (2): 165 kB | 53/502 kB
Progress (2): 165 kB | 57/502 kB
Progress (2): 165 kB | 61/502 kB
Progress (2): 165 kB | 66/502 kB
Progress (2): 165 kB | 70/502 kB
Progress (2): 165 kB | 74/502 kB
Progress (2): 165 kB | 78/502 kB
Progress (2): 165 kB | 82/502 kB
Progress (2): 165 kB | 86/502 kB
Progress (2): 165 kB | 90/502 kB
Progress (2): 165 kB | 94/502 kB
Progress (2): 165 kB | 98/502 kB
Progress (2): 165 kB | 102/502 kB
Progress (2): 165 kB | 106/502 kB
Progress (2): 165 kB | 111/502 kB
Progress (2): 165 kB | 115/502 kB
Progress (2): 165 kB | 119/502 kB
Progress (2): 165 kB | 123/502 kB
Progress (2): 165 kB | 127/502 kB
Progress (2): 165 kB | 131/502 kB
Progress (2): 165 kB | 135/502 kB
Progress (2): 165 kB | 139/502 kB
Progress (2): 165 kB | 143/502 kB
Progress (2): 165 kB | 147/502 kB

Downloaded from central: https://repo.maven.apache.org/maven2/org/apache/maven/shared/maven-shared-utils/3.2.0/maven-shared-utils-3.2.0.jar (165 kB at 277 kB/s)
Downloading from central: https://repo.maven.apache.org/maven2/org/apache/maven/maven-repository-metadata/3.3.9/maven-repository-metadata-3.3.9.jar
Progress (2): 147/502 kB | 4.1/638 kB
Progress (2): 147/502 kB | 8.2/638 kB
Progress (2): 147/502 kB | 12/638 kB
Progress (2): 147/502 kB | 16/638 kB
Progress (2): 147/502 kB | 20/638 kB
Progress (2): 147/502 kB | 25/638 kB
Progress (2): 147/502 kB | 29/638 kB
Progress (2): 147/502 kB | 33/638 kB
Progress (2): 147/502 kB | 37/638 kB
Progress (2): 147/502 kB | 41/638 kB
Progress (2): 147/502 kB | 45/638 kB
Progress (2): 147/502 kB | 49/638 kB
Progress (2): 147/502 kB | 53/638 kB
Progress (2): 147/502 kB | 57/638 kB
Progress (2): 147/502 kB | 61/638 kB
Progress (2): 147/502 kB | 66/638 kB
Progress (2): 152/502 kB | 66/638 kB
Progress (2): 156/502 kB | 66/638 kB
Progress (2): 160/502 kB | 66/638 kB
Progress (2): 164/502 kB | 66/638 kB
Progress (2): 164/502 kB | 70/638 kB
Progress (2): 164/502 kB | 74/638 kB
Progress (2): 164/502 kB | 78/638 kB
Progress (2): 164/502 kB | 82/638 kB
Progress (2): 164/502 kB | 86/638 kB
Progress (2): 164/502 kB | 90/638 kB
Progress (2): 164/502 kB | 94/638 kB
Progress (2): 164/502 kB | 98/638 kB
Progress (2): 164/502 kB | 102/638 kB
Progress (2): 164/502 kB | 106/638 kB
Progress (2): 164/502 kB | 111/638 kB
Progress (2): 164/502 kB | 115/638 kB
Progress (2): 164/502 kB | 119/638 kB
Progress (2): 164/502 kB | 123/638 kB
Progress (2): 164/502 kB | 127/638 kB
Progress (2): 164/502 kB | 131/638 kB
Progress (2): 164/502 kB | 135/638 kB
Progress (2): 164/502 kB | 139/638 kB
Progress (2): 164/502 kB | 143/638 kB
Progress (2): 164/502 kB | 147/638 kB
Progress (2): 164/502 kB | 152/638 kB
Progress (2): 164/502 kB | 156/638 kB
Progress (2): 164/502 kB | 160/638 kB
Progress (2): 164/502 kB | 164/638 kB
Progress (2): 164/502 kB | 168/638 kB
Progress (2): 164/502 kB | 172/638 kB
Progress (2): 164/502 kB | 176/638 kB
Progress (2): 164/502 kB | 180/638 kB
Progress (2): 164/502 kB | 184/638 kB
Progress (2): 164/502 kB | 188/638 kB
Progress (2): 164/502 kB | 193/638 kB
Progress (2): 164/502 kB | 197/638 kB
Progress (2): 164/502 kB | 201/638 kB
Progress (2): 164/502 kB | 205/638 kB
Progress (2): 164/502 kB | 209/638 kB
Progress (2): 164/502 kB | 213/638 kB
Progress (2): 164/502 kB | 217/638 kB
Progress (2): 164/502 kB | 221/638 kB
Progress (2): 164/502 kB | 225/638 kB
Progress (2): 164/502 kB | 229/638 kB
Progress (2): 164/502 kB | 233/638 kB
Progress (2): 164/502 kB | 238/638 kB
Progress (2): 164/502 kB | 242/638 kB
Progress (2): 164/502 kB | 246/638 kB
Progress (2): 164/502 kB | 250/638 kB
Progress (2): 164/502 kB | 254/638 kB
Progress (2): 164/502 kB | 258/638 kB
Progress (2): 164/502 kB | 262/638 kB
Progress (2): 164/502 kB | 266/638 kB
Progress (2): 164/502 kB | 270/638 kB
Progress (2): 164/502 kB | 274/638 kB
Progress (2): 164/502 kB | 279/638 kB
Progress (2): 164/502 kB | 283/638 kB
Progress (2): 164/502 kB | 287/638 kB
Progress (2): 164/502 kB | 291/638 kB
Progress (2): 164/502 kB | 295/638 kB
Progress (2): 164/502 kB | 299/638 kB
Progress (2): 164/502 kB | 303/638 kB
Progress (2): 164/502 kB | 307/638 kB
Progress (2): 164/502 kB | 311/638 kB
Progress (2): 164/502 kB | 315/638 kB
Progress (2): 164/502 kB | 319/638 kB
Progress (2): 164/502 kB | 324/638 kB
Progress (2): 164/502 kB | 328/638 kB
Progress (3): 164/502 kB | 328/638 kB | 4.1/43 kB
Progress (3): 164/502 kB | 328/638 kB | 8.2/43 kB
Progress (3): 164/502 kB | 328/638 kB | 12/43 kB
Progress (3): 164/502 kB | 328/638 kB | 16/43 kB
Progress (3): 164/502 kB | 328/638 kB | 20/43 kB
Progress (3): 164/502 kB | 328/638 kB | 25/43 kB
Progress (3): 164/502 kB | 328/638 kB | 29/43 kB
Progress (3): 164/502 kB | 328/638 kB | 33/43 kB
Progress (3): 164/502 kB | 328/638 kB | 37/43 kB
Progress (3): 164/502 kB | 328/638 kB | 41/43 kB
Progress (3): 164/502 kB | 328/638 kB | 43 kB
Progress (3): 164/502 kB | 332/638 kB | 43 kB
Progress (3): 164/502 kB | 336/638 kB | 43 kB
Progress (3): 164/502 kB | 340/638 kB | 43 kB
Progress (3): 164/502 kB | 344/638 kB | 43 kB
Progress (3): 164/502 kB | 348/638 kB | 43 kB
Progress (3): 164/502 kB | 352/638 kB | 43 kB
Progress (3): 164/502 kB | 356/638 kB | 43 kB
Progress (3): 164/502 kB | 360/638 kB | 43 kB
Progress (3): 164/502 kB | 365/638 kB | 43 kB
Progress (3): 164/502 kB | 369/638 kB | 43 kB
Progress (3): 164/502 kB | 373/638 kB | 43 kB
Progress (3): 164/502 kB | 377/638 kB | 43 kB
Progress (3): 164/502 kB | 381/638 kB | 43 kB
Progress (3): 164/502 kB | 385/638 kB | 43 kB
Progress (3): 164/502 kB | 389/638 kB | 43 kB
Progress (3): 164/502 kB | 393/638 kB | 43 kB
Progress (3): 164/502 kB | 397/638 kB | 43 kB
Progress (3): 164/502 kB | 401/638 kB | 43 kB
Progress (3): 164/502 kB | 406/638 kB | 43 kB
Progress (3): 164/502 kB | 410/638 kB | 43 kB
Progress (3): 164/502 kB | 414/638 kB | 43 kB
Progress (3): 164/502 kB | 418/638 kB | 43 kB
Progress (3): 164/502 kB | 422/638 kB | 43 kB
Progress (3): 164/502 kB | 426/638 kB | 43 kB
Progress (3): 168/502 kB | 426/638 kB | 43 kB
Progress (3): 172/502 kB | 426/638 kB | 43 kB
Progress (3): 176/502 kB | 426/638 kB | 43 kB
Progress (3): 180/502 kB | 426/638 kB | 43 kB
Progress (3): 184/502 kB | 426/638 kB | 43 kB
Progress (3): 188/502 kB | 426/638 kB | 43 kB
Progress (3): 193/502 kB | 426/638 kB | 43 kB
Progress (3): 197/502 kB | 426/638 kB | 43 kB
Progress (3): 201/502 kB | 426/638 kB | 43 kB
Progress (3): 205/502 kB | 426/638 kB | 43 kB
Progress (3): 209/502 kB | 426/638 kB | 43 kB
Progress (3): 213/502 kB | 426/638 kB | 43 kB
Progress (3): 217/502 kB | 426/638 kB | 43 kB
Progress (3): 221/502 kB | 426/638 kB | 43 kB
Progress (3): 225/502 kB | 426/638 kB | 43 kB
Progress (3): 229/502 kB | 426/638 kB | 43 kB
Progress (3): 233/502 kB | 426/638 kB | 43 kB
Progress (4): 233/502 kB | 426/638 kB | 43 kB | 2.7/15 kB
Progress (4): 238/502 kB | 426/638 kB | 43 kB | 2.7/15 kB
Progress (4): 242/502 kB | 426/638 kB | 43 kB | 2.7/15 kB
Progress (4): 246/502 kB | 426/638 kB | 43 kB | 2.7/15 kB
Progress (4): 246/502 kB | 426/638 kB | 43 kB | 5.5/15 kB
Progress (4): 246/502 kB | 426/638 kB | 43 kB | 8.2/15 kB
Progress (4): 246/502 kB | 426/638 kB | 43 kB | 11/15 kB
Progress (4): 246/502 kB | 426/638 kB | 43 kB | 14/15 kB
Progress (4): 246/502 kB | 426/638 kB | 43 kB | 15 kB
Progress (4): 250/502 kB | 426/638 kB | 43 kB | 15 kB
Progress (4): 254/502 kB | 426/638 kB | 43 kB | 15 kB
Progress (4): 258/502 kB | 426/638 kB | 43 kB | 15 kB
Progress (4): 262/502 kB | 426/638 kB | 43 kB | 15 kB
Progress (4): 266/502 kB | 426/638 kB | 43 kB | 15 kB
Progress (4): 270/502 kB | 426/638 kB | 43 kB | 15 kB
Progress (4): 274/502 kB | 426/638 kB | 43 kB | 15 kB
Progress (4): 279/502 kB | 426/638 kB | 43 kB | 15 kB
Progress (4): 283/502 kB | 426/638 kB | 43 kB | 15 kB
Progress (4): 287/502 kB | 426/638 kB | 43 kB | 15 kB
Progress (4): 291/502 kB | 426/638 kB | 43 kB | 15 kB
Progress (4): 295/502 kB | 426/638 kB | 43 kB | 15 kB
Progress (4): 299/502 kB | 426/638 kB | 43 kB | 15 kB
Progress (4): 303/502 kB | 426/638 kB | 43 kB | 15 kB
Progress (4): 307/502 kB | 426/638 kB | 43 kB | 15 kB
Progress (4): 311/502 kB | 426/638 kB | 43 kB | 15 kB
Progress (4): 315/502 kB | 426/638 kB | 43 kB | 15 kB
Progress (4): 319/502 kB | 426/638 kB | 43 kB | 15 kB
Progress (4): 324/502 kB | 426/638 kB | 43 kB | 15 kB
Progress (4): 328/502 kB | 426/638 kB | 43 kB | 15 kB
Progress (4): 332/502 kB | 426/638 kB | 43 kB | 15 kB
Progress (4): 336/502 kB | 426/638 kB | 43 kB | 15 kB
Progress (4): 340/502 kB | 426/638 kB | 43 kB | 15 kB
Progress (4): 344/502 kB | 426/638 kB | 43 kB | 15 kB
Progress (4): 344/502 kB | 430/638 kB | 43 kB | 15 kB
Progress (4): 344/502 kB | 434/638 kB | 43 kB | 15 kB
Progress (4): 344/502 kB | 438/638 kB | 43 kB | 15 kB
Progress (4): 344/502 kB | 442/638 kB | 43 kB | 15 kB
Progress (4): 344/502 kB | 446/638 kB | 43 kB | 15 kB
Progress (4): 344/502 kB | 451/638 kB | 43 kB | 15 kB
Progress (4): 344/502 kB | 455/638 kB | 43 kB | 15 kB
Progress (4): 344/502 kB | 459/638 kB | 43 kB | 15 kB
Progress (4): 344/502 kB | 463/638 kB | 43 kB | 15 kB
Progress (4): 344/502 kB | 467/638 kB | 43 kB | 15 kB
Progress (4): 344/502 kB | 471/638 kB | 43 kB | 15 kB
Progress (4): 344/502 kB | 475/638 kB | 43 kB | 15 kB
Progress (4): 348/502 kB | 475/638 kB | 43 kB | 15 kB
Progress (4): 352/502 kB | 475/638 kB | 43 kB | 15 kB
Progress (4): 356/502 kB | 475/638 kB | 43 kB | 15 kB
Progress (4): 360/502 kB | 475/638 kB | 43 kB | 15 kB
Progress (4): 360/502 kB | 479/638 kB | 43 kB | 15 kB
Progress (4): 360/502 kB | 483/638 kB | 43 kB | 15 kB
Progress (4): 360/502 kB | 487/638 kB | 43 kB | 15 kB
Progress (4): 360/502 kB | 492/638 kB | 43 kB | 15 kB
Progress (4): 360/502 kB | 496/638 kB | 43 kB | 15 kB
Progress (4): 360/502 kB | 500/638 kB | 43 kB | 15 kB
Progress (4): 360/502 kB | 504/638 kB | 43 kB | 15 kB
Progress (4): 360/502 kB | 508/638 kB | 43 kB | 15 kB
Progress (5): 360/502 kB | 508/638 kB | 43 kB | 15 kB | 4.1/27 kB
Progress (5): 360/502 kB | 508/638 kB | 43 kB | 15 kB | 8.2/27 kB
Progress (5): 360/502 kB | 508/638 kB | 43 kB | 15 kB | 12/27 kB
Progress (5): 360/502 kB | 508/638 kB | 43 kB | 15 kB | 16/27 kB
Progress (5): 360/502 kB | 508/638 kB | 43 kB | 15 kB | 20/27 kB
Progress (5): 360/502 kB | 508/638 kB | 43 kB | 15 kB | 25/27 kB
Progress (5): 360/502 kB | 508/638 kB | 43 kB | 15 kB | 27 kB
Progress (5): 360/502 kB | 512/638 kB | 43 kB | 15 kB | 27 kB
Progress (5): 360/502 kB | 516/638 kB | 43 kB | 15 kB | 27 kB
Progress (5): 360/502 kB | 520/638 kB | 43 kB | 15 kB | 27 kB
Progress (5): 360/502 kB | 524/638 kB | 43 kB | 15 kB | 27 kB
Progress (5): 360/502 kB | 528/638 kB | 43 kB | 15 kB | 27 kB
Progress (5): 360/502 kB | 532/638 kB | 43 kB | 15 kB | 27 kB
Progress (5): 360/502 kB | 537/638 kB | 43 kB | 15 kB | 27 kB
Progress (5): 360/502 kB | 541/638 kB | 43 kB | 15 kB | 27 kB
Progress (5): 360/502 kB | 545/638 kB | 43 kB | 15 kB | 27 kB
Progress (5): 360/502 kB | 549/638 kB | 43 kB | 15 kB | 27 kB
Progress (5): 360/502 kB | 553/638 kB | 43 kB | 15 kB | 27 kB
Progress (5): 360/502 kB | 557/638 kB | 43 kB | 15 kB | 27 kB
Progress (5): 360/502 kB | 561/638 kB | 43 kB | 15 kB | 27 kB
Progress (5): 360/502 kB | 565/638 kB | 43 kB | 15 kB | 27 kB
Progress (5): 360/502 kB | 569/638 kB | 43 kB | 15 kB | 27 kB
Progress (5): 360/502 kB | 573/638 kB | 43 kB | 15 kB | 27 kB
Progress (5): 360/502 kB | 578/638 kB | 43 kB | 15 kB | 27 kB
Progress (5): 360/502 kB | 582/638 kB | 43 kB | 15 kB | 27 kB
Progress (5): 360/502 kB | 586/638 kB | 43 kB | 15 kB | 27 kB
Progress (5): 360/502 kB | 590/638 kB | 43 kB | 15 kB | 27 kB
Progress (5): 360/502 kB | 594/638 kB | 43 kB | 15 kB | 27 kB
Progress (5): 360/502 kB | 598/638 kB | 43 kB | 15 kB | 27 kB
Progress (5): 360/502 kB | 602/638 kB | 43 kB | 15 kB | 27 kB
Progress (5): 360/502 kB | 606/638 kB | 43 kB | 15 kB | 27 kB
Progress (5): 360/502 kB | 610/638 kB | 43 kB | 15 kB | 27 kB
Progress (5): 360/502 kB | 614/638 kB | 43 kB | 15 kB | 27 kB
Progress (5): 360/502 kB | 618/638 kB | 43 kB | 15 kB | 27 kB
Progress (5): 360/502 kB | 623/638 kB | 43 kB | 15 kB | 27 kB
Progress (5): 360/502 kB | 627/638 kB | 43 kB | 15 kB | 27 kB
Progress (5): 360/502 kB | 631/638 kB | 43 kB | 15 kB | 27 kB
Progress (5): 360/502 kB | 635/638 kB | 43 kB | 15 kB | 27 kB
Progress (5): 360/502 kB | 638 kB | 43 kB | 15 kB | 27 kB
Progress (5): 365/502 kB | 638 kB | 43 kB | 15 kB | 27 kB
Progress (5): 369/502 kB | 638 kB | 43 kB | 15 kB | 27 kB
Progress (5): 373/502 kB | 638 kB | 43 kB | 15 kB | 27 kB
Progress (5): 377/502 kB | 638 kB | 43 kB | 15 kB | 27 kB
Progress (5): 381/502 kB | 638 kB | 43 kB | 15 kB | 27 kB
Progress (5): 385/502 kB | 638 kB | 43 kB | 15 kB | 27 kB
Progress (5): 389/502 kB | 638 kB | 43 kB | 15 kB | 27 kB
Progress (5): 393/502 kB | 638 kB | 43 kB | 15 kB | 27 kB

Downloaded from central: https://repo.maven.apache.org/maven2/org/apache/maven/maven-settings-builder/3.3.9/maven-settings-builder-3.3.9.jar (43 kB at 33 kB/s)
Downloading from central: https://repo.maven.apache.org/maven2/org/apache/maven/maven-model-builder/3.3.9/maven-model-builder-3.3.9.jar
Progress (4): 397/502 kB | 638 kB | 15 kB | 27 kB
Progress (4): 401/502 kB | 638 kB | 15 kB | 27 kB
Progress (4): 406/502 kB | 638 kB | 15 kB | 27 kB
Progress (4): 410/502 kB | 638 kB | 15 kB | 27 kB
Progress (4): 414/502 kB | 638 kB | 15 kB | 27 kB
Progress (4): 418/502 kB | 638 kB | 15 kB | 27 kB
Progress (4): 422/502 kB | 638 kB | 15 kB | 27 kB
Progress (4): 426/502 kB | 638 kB | 15 kB | 27 kB
Progress (4): 430/502 kB | 638 kB | 15 kB | 27 kB
Progress (4): 434/502 kB | 638 kB | 15 kB | 27 kB
Progress (4): 438/502 kB | 638 kB | 15 kB | 27 kB
Progress (4): 442/502 kB | 638 kB | 15 kB | 27 kB
Progress (4): 446/502 kB | 638 kB | 15 kB | 27 kB
Progress (4): 451/502 kB | 638 kB | 15 kB | 27 kB
Progress (4): 455/502 kB | 638 kB | 15 kB | 27 kB
Progress (4): 459/502 kB | 638 kB | 15 kB | 27 kB
Progress (4): 463/502 kB | 638 kB | 15 kB | 27 kB
Progress (4): 467/502 kB | 638 kB | 15 kB | 27 kB
Progress (4): 471/502 kB | 638 kB | 15 kB | 27 kB
Progress (4): 475/502 kB | 638 kB | 15 kB | 27 kB
Progress (4): 479/502 kB | 638 kB | 15 kB | 27 kB
Progress (4): 483/502 kB | 638 kB | 15 kB | 27 kB
Progress (4): 487/502 kB | 638 kB | 15 kB | 27 kB
Progress (4): 492/502 kB | 638 kB | 15 kB | 27 kB

Downloaded from central: https://repo.maven.apache.org/maven2/org/apache/maven/maven-repository-metadata/3.3.9/maven-repository-metadata-3.3.9.jar (27 kB at 20 kB/s)
Downloading from central: https://repo.maven.apache.org/maven2/org/apache/maven/maven-aether-provider/3.3.9/maven-aether-provider-3.3.9.jar
Progress (4): 492/502 kB | 638 kB | 15 kB | 4.1/177 kB
Progress (4): 492/502 kB | 638 kB | 15 kB | 8.2/177 kB
Progress (4): 492/502 kB | 638 kB | 15 kB | 12/177 kB
Progress (4): 492/502 kB | 638 kB | 15 kB | 16/177 kB

Downloaded from central: https://repo.maven.apache.org/maven2/org/apache/maven/maven-builder-support/3.3.9/maven-builder-support-3.3.9.jar (15 kB at 11 kB/s)
Downloading from central: https://repo.maven.apache.org/maven2/org/eclipse/aether/aether-spi/1.0.2.v20150114/aether-spi-1.0.2.v20150114.jar
Progress (3): 492/502 kB | 638 kB | 20/177 kB
Progress (3): 492/502 kB | 638 kB | 25/177 kB
Progress (3): 492/502 kB | 638 kB | 29/177 kB
Progress (3): 492/502 kB | 638 kB | 33/177 kB
Progress (3): 496/502 kB | 638 kB | 33/177 kB
Progress (3): 500/502 kB | 638 kB | 33/177 kB
Progress (3): 500/502 kB | 638 kB | 37/177 kB
Progress (3): 500/502 kB | 638 kB | 41/177 kB
Progress (3): 500/502 kB | 638 kB | 45/177 kB
Progress (3): 500/502 kB | 638 kB | 49/177 kB
Progress (3): 502 kB | 638 kB | 49/177 kB
Progress (3): 502 kB | 638 kB | 53/177 kB
Progress (3): 502 kB | 638 kB | 57/177 kB
Progress (3): 502 kB | 638 kB | 61/177 kB
Progress (3): 502 kB | 638 kB | 66/177 kB
Progress (3): 502 kB | 638 kB | 70/177 kB
Progress (3): 502 kB | 638 kB | 74/177 kB
Progress (3): 502 kB | 638 kB | 78/177 kB
Progress (3): 502 kB | 638 kB | 82/177 kB
Progress (3): 502 kB | 638 kB | 86/177 kB
Progress (3): 502 kB | 638 kB | 90/177 kB
Progress (3): 502 kB | 638 kB | 94/177 kB
Progress (3): 502 kB | 638 kB | 98/177 kB
Progress (3): 502 kB | 638 kB | 102/177 kB
Progress (3): 502 kB | 638 kB | 106/177 kB
Progress (3): 502 kB | 638 kB | 111/177 kB
Progress (3): 502 kB | 638 kB | 115/177 kB
Progress (3): 502 kB | 638 kB | 119/177 kB
Progress (3): 502 kB | 638 kB | 123/177 kB
Progress (3): 502 kB | 638 kB | 127/177 kB
Progress (3): 502 kB | 638 kB | 131/177 kB
Progress (3): 502 kB | 638 kB | 135/177 kB
Progress (3): 502 kB | 638 kB | 139/177 kB
Progress (3): 502 kB | 638 kB | 143/177 kB
Progress (3): 502 kB | 638 kB | 147/177 kB
Progress (3): 502 kB | 638 kB | 152/177 kB
Progress (3): 502 kB | 638 kB | 156/177 kB
Progress (3): 502 kB | 638 kB | 160/177 kB
Progress (3): 502 kB | 638 kB | 164/177 kB
Progress (3): 502 kB | 638 kB | 168/177 kB
Progress (3): 502 kB | 638 kB | 172/177 kB
Progress (3): 502 kB | 638 kB | 176/177 kB
Progress (3): 502 kB | 638 kB | 177 kB

Downloaded from central: https://repo.maven.apache.org/maven2/org/apache/maven/maven-core/3.3.9/maven-core-3.3.9.jar (638 kB at 427 kB/s)
Downloading from central: https://repo.maven.apache.org/maven2/org/eclipse/aether/aether-impl/1.0.2.v20150114/aether-impl-1.0.2.v20150114.jar
Progress (3): 502 kB | 177 kB | 2.7/31 kB
Progress (3): 502 kB | 177 kB | 5.5/31 kB
Progress (3): 502 kB | 177 kB | 8.2/31 kB
Progress (3): 502 kB | 177 kB | 11/31 kB
Progress (3): 502 kB | 177 kB | 14/31 kB
Progress (3): 502 kB | 177 kB | 16/31 kB
Progress (3): 502 kB | 177 kB | 19/31 kB
Progress (3): 502 kB | 177 kB | 22/31 kB
Progress (3): 502 kB | 177 kB | 25/31 kB
Progress (3): 502 kB | 177 kB | 27/31 kB
Progress (3): 502 kB | 177 kB | 30/31 kB
Progress (3): 502 kB | 177 kB | 31 kB

Downloaded from central: https://repo.maven.apache.org/maven2/org/apache/commons/commons-lang3/3.8.1/commons-lang3-3.8.1.jar (502 kB at 329 kB/s)
Downloading from central: https://repo.maven.apache.org/maven2/org/eclipse/aether/aether-api/1.0.2.v20150114/aether-api-1.0.2.v20150114.jar
Progress (3): 177 kB | 31 kB | 4.1/67 kB
Progress (3): 177 kB | 31 kB | 8.2/67 kB
Progress (3): 177 kB | 31 kB | 12/67 kB
Progress (3): 177 kB | 31 kB | 16/67 kB
Progress (3): 177 kB | 31 kB | 20/67 kB
Progress (3): 177 kB | 31 kB | 25/67 kB
Progress (3): 177 kB | 31 kB | 29/67 kB
Progress (3): 177 kB | 31 kB | 33/67 kB
Progress (3): 177 kB | 31 kB | 37/67 kB
Progress (3): 177 kB | 31 kB | 41/67 kB
Progress (3): 177 kB | 31 kB | 45/67 kB
Progress (3): 177 kB | 31 kB | 49/67 kB
Progress (4): 177 kB | 31 kB | 49/67 kB | 4.1/173 kB

Downloaded from central: https://repo.maven.apache.org/maven2/org/apache/maven/maven-model-builder/3.3.9/maven-model-builder-3.3.9.jar (177 kB at 113 kB/s)
Downloading from central: https://repo.maven.apache.org/maven2/org/eclipse/aether/aether-util/1.0.2.v20150114/aether-util-1.0.2.v20150114.jar
Progress (3): 31 kB | 49/67 kB | 8.2/173 kB
Progress (3): 31 kB | 49/67 kB | 12/173 kB
Progress (3): 31 kB | 49/67 kB | 16/173 kB
Progress (3): 31 kB | 53/67 kB | 16/173 kB
Progress (3): 31 kB | 57/67 kB | 16/173 kB
Progress (3): 31 kB | 61/67 kB | 16/173 kB
Progress (3): 31 kB | 66/67 kB | 16/173 kB
Progress (3): 31 kB | 67 kB | 16/173 kB
Progress (3): 31 kB | 67 kB | 20/173 kB
Progress (3): 31 kB | 67 kB | 25/173 kB
Progress (3): 31 kB | 67 kB | 29/173 kB
Progress (3): 31 kB | 67 kB | 33/173 kB
Progress (3): 31 kB | 67 kB | 37/173 kB
Progress (3): 31 kB | 67 kB | 41/173 kB
Progress (3): 31 kB | 67 kB | 45/173 kB
Progress (3): 31 kB | 67 kB | 49/173 kB
Progress (3): 31 kB | 67 kB | 53/173 kB
Progress (3): 31 kB | 67 kB | 57/173 kB
Progress (3): 31 kB | 67 kB | 61/173 kB
Progress (3): 31 kB | 67 kB | 66/173 kB
Progress (3): 31 kB | 67 kB | 70/173 kB
Progress (3): 31 kB | 67 kB | 74/173 kB
Progress (3): 31 kB | 67 kB | 78/173 kB
Progress (3): 31 kB | 67 kB | 82/173 kB
Progress (3): 31 kB | 67 kB | 86/173 kB
Progress (3): 31 kB | 67 kB | 90/173 kB
Progress (3): 31 kB | 67 kB | 94/173 kB
Progress (3): 31 kB | 67 kB | 98/173 kB
Progress (3): 31 kB | 67 kB | 102/173 kB
Progress (3): 31 kB | 67 kB | 106/173 kB
Progress (3): 31 kB | 67 kB | 111/173 kB
Progress (3): 31 kB | 67 kB | 115/173 kB
Progress (3): 31 kB | 67 kB | 119/173 kB
Progress (3): 31 kB | 67 kB | 123/173 kB
Progress (3): 31 kB | 67 kB | 127/173 kB
Progress (3): 31 kB | 67 kB | 131/173 kB
Progress (3): 31 kB | 67 kB | 135/173 kB
Progress (3): 31 kB | 67 kB | 139/173 kB
Progress (3): 31 kB | 67 kB | 143/173 kB
Progress (3): 31 kB | 67 kB | 147/173 kB
Progress (3): 31 kB | 67 kB | 152/173 kB
Progress (3): 31 kB | 67 kB | 156/173 kB
Progress (3): 31 kB | 67 kB | 160/173 kB
Progress (3): 31 kB | 67 kB | 164/173 kB

Downloaded from central: https://repo.maven.apache.org/maven2/org/eclipse/aether/aether-spi/1.0.2.v20150114/aether-spi-1.0.2.v20150114.jar (31 kB at 18 kB/s)
Downloading from central: https://repo.maven.apache.org/maven2/org/eclipse/sisu/org.eclipse.sisu.plexus/0.3.2/org.eclipse.sisu.plexus-0.3.2.jar
Progress (2): 67 kB | 168/173 kB
Progress (2): 67 kB | 172/173 kB
Progress (2): 67 kB | 173 kB
Progress (3): 67 kB | 173 kB | 4.1/136 kB
Progress (3): 67 kB | 173 kB | 8.2/136 kB
Progress (3): 67 kB | 173 kB | 12/136 kB
Progress (3): 67 kB | 173 kB | 16/136 kB
Progress (3): 67 kB | 173 kB | 20/136 kB
Progress (3): 67 kB | 173 kB | 25/136 kB
Progress (3): 67 kB | 173 kB | 29/136 kB
Progress (3): 67 kB | 173 kB | 33/136 kB
Progress (3): 67 kB | 173 kB | 37/136 kB
Progress (3): 67 kB | 173 kB | 41/136 kB
Progress (3): 67 kB | 173 kB | 45/136 kB
Progress (3): 67 kB | 173 kB | 49/136 kB
Progress (3): 67 kB | 173 kB | 53/136 kB
Progress (3): 67 kB | 173 kB | 57/136 kB
Progress (3): 67 kB | 173 kB | 61/136 kB
Progress (3): 67 kB | 173 kB | 66/136 kB
Progress (3): 67 kB | 173 kB | 70/136 kB
Progress (3): 67 kB | 173 kB | 74/136 kB
Progress (3): 67 kB | 173 kB | 78/136 kB
Progress (3): 67 kB | 173 kB | 82/136 kB
Progress (3): 67 kB | 173 kB | 86/136 kB
Progress (3): 67 kB | 173 kB | 90/136 kB
Progress (3): 67 kB | 173 kB | 94/136 kB
Progress (3): 67 kB | 173 kB | 98/136 kB
Progress (3): 67 kB | 173 kB | 102/136 kB
Progress (3): 67 kB | 173 kB | 106/136 kB
Progress (3): 67 kB | 173 kB | 111/136 kB
Progress (3): 67 kB | 173 kB | 115/136 kB
Progress (3): 67 kB | 173 kB | 119/136 kB
Progress (3): 67 kB | 173 kB | 123/136 kB
Progress (3): 67 kB | 173 kB | 127/136 kB
Progress (3): 67 kB | 173 kB | 131/136 kB
Progress (3): 67 kB | 173 kB | 135/136 kB
Progress (3): 67 kB | 173 kB | 136 kB
Progress (4): 67 kB | 173 kB | 136 kB | 4.1/147 kB
Progress (4): 67 kB | 173 kB | 136 kB | 8.2/147 kB
Progress (4): 67 kB | 173 kB | 136 kB | 12/147 kB
Progress (4): 67 kB | 173 kB | 136 kB | 16/147 kB
Progress (4): 67 kB | 173 kB | 136 kB | 20/147 kB
Progress (4): 67 kB | 173 kB | 136 kB | 25/147 kB
Progress (4): 67 kB | 173 kB | 136 kB | 29/147 kB
Progress (4): 67 kB | 173 kB | 136 kB | 33/147 kB
Progress (4): 67 kB | 173 kB | 136 kB | 37/147 kB
Progress (4): 67 kB | 173 kB | 136 kB | 41/147 kB
Progress (4): 67 kB | 173 kB | 136 kB | 45/147 kB
Progress (4): 67 kB | 173 kB | 136 kB | 49/147 kB
Progress (4): 67 kB | 173 kB | 136 kB | 53/147 kB
Progress (4): 67 kB | 173 kB | 136 kB | 57/147 kB
Progress (4): 67 kB | 173 kB | 136 kB | 61/147 kB
Progress (4): 67 kB | 173 kB | 136 kB | 66/147 kB
Progress (4): 67 kB | 173 kB | 136 kB | 70/147 kB
Progress (4): 67 kB | 173 kB | 136 kB | 74/147 kB
Progress (4): 67 kB | 173 kB | 136 kB | 78/147 kB
Progress (4): 67 kB | 173 kB | 136 kB | 82/147 kB
Progress (4): 67 kB | 173 kB | 136 kB | 86/147 kB
Progress (4): 67 kB | 173 kB | 136 kB | 90/147 kB
Progress (4): 67 kB | 173 kB | 136 kB | 94/147 kB
Progress (4): 67 kB | 173 kB | 136 kB | 98/147 kB
Progress (4): 67 kB | 173 kB | 136 kB | 102/147 kB
Progress (4): 67 kB | 173 kB | 136 kB | 106/147 kB
Progress (4): 67 kB | 173 kB | 136 kB | 111/147 kB
Progress (4): 67 kB | 173 kB | 136 kB | 115/147 kB
Progress (4): 67 kB | 173 kB | 136 kB | 119/147 kB
Progress (4): 67 kB | 173 kB | 136 kB | 123/147 kB
Progress (4): 67 kB | 173 kB | 136 kB | 127/147 kB
Progress (4): 67 kB | 173 kB | 136 kB | 131/147 kB

Downloaded from central: https://repo.maven.apache.org/maven2/org/apache/maven/maven-aether-provider/3.3.9/maven-aether-provider-3.3.9.jar (67 kB at 34 kB/s)
Downloading from central: https://repo.maven.apache.org/maven2/javax/enterprise/cdi-api/1.0/cdi-api-1.0.jar
Progress (3): 173 kB | 136 kB | 135/147 kB
Progress (3): 173 kB | 136 kB | 139/147 kB
Progress (3): 173 kB | 136 kB | 143/147 kB
Progress (4): 173 kB | 136 kB | 143/147 kB | 2.7/205 kB
Progress (4): 173 kB | 136 kB | 147 kB | 2.7/205 kB
Progress (4): 173 kB | 136 kB | 147 kB | 5.5/205 kB
Progress (4): 173 kB | 136 kB | 147 kB | 8.2/205 kB
Progress (4): 173 kB | 136 kB | 147 kB | 11/205 kB
Progress (4): 173 kB | 136 kB | 147 kB | 14/205 kB
Progress (4): 173 kB | 136 kB | 147 kB | 16/205 kB
Progress (4): 173 kB | 136 kB | 147 kB | 19/205 kB
Progress (4): 173 kB | 136 kB | 147 kB | 22/205 kB
Progress (4): 173 kB | 136 kB | 147 kB | 25/205 kB
Progress (4): 173 kB | 136 kB | 147 kB | 27/205 kB
Progress (4): 173 kB | 136 kB | 147 kB | 30/205 kB
Progress (4): 173 kB | 136 kB | 147 kB | 33/205 kB
Progress (4): 173 kB | 136 kB | 147 kB | 36/205 kB
Progress (4): 173 kB | 136 kB | 147 kB | 38/205 kB
Progress (4): 173 kB | 136 kB | 147 kB | 41/205 kB
Progress (4): 173 kB | 136 kB | 147 kB | 44/205 kB
Progress (4): 173 kB | 136 kB | 147 kB | 47/205 kB
Progress (4): 173 kB | 136 kB | 147 kB | 49/205 kB
Progress (4): 173 kB | 136 kB | 147 kB | 52/205 kB
Progress (4): 173 kB | 136 kB | 147 kB | 55/205 kB
Progress (4): 173 kB | 136 kB | 147 kB | 58/205 kB
Progress (4): 173 kB | 136 kB | 147 kB | 60/205 kB
Progress (4): 173 kB | 136 kB | 147 kB | 63/205 kB
Progress (4): 173 kB | 136 kB | 147 kB | 66/205 kB
Progress (4): 173 kB | 136 kB | 147 kB | 69/205 kB
Progress (4): 173 kB | 136 kB | 147 kB | 71/205 kB
Progress (4): 173 kB | 136 kB | 147 kB | 74/205 kB
Progress (4): 173 kB | 136 kB | 147 kB | 77/205 kB
Progress (4): 173 kB | 136 kB | 147 kB | 80/205 kB
Progress (4): 173 kB | 136 kB | 147 kB | 82/205 kB
Progress (4): 173 kB | 136 kB | 147 kB | 85/205 kB
Progress (4): 173 kB | 136 kB | 147 kB | 88/205 kB
Progress (4): 173 kB | 136 kB | 147 kB | 90/205 kB
Progress (4): 173 kB | 136 kB | 147 kB | 93/205 kB

Downloaded from central: https://repo.maven.apache.org/maven2/org/eclipse/aether/aether-impl/1.0.2.v20150114/aether-impl-1.0.2.v20150114.jar (173 kB at 84 kB/s)
Downloading from central: https://repo.maven.apache.org/maven2/javax/annotation/jsr250-api/1.0/jsr250-api-1.0.jar
Progress (3): 136 kB | 147 kB | 96/205 kB
Progress (3): 136 kB | 147 kB | 99/205 kB
Progress (3): 136 kB | 147 kB | 101/205 kB
Progress (3): 136 kB | 147 kB | 104/205 kB
Progress (3): 136 kB | 147 kB | 107/205 kB
Progress (3): 136 kB | 147 kB | 110/205 kB
Progress (3): 136 kB | 147 kB | 112/205 kB
Progress (3): 136 kB | 147 kB | 115/205 kB
Progress (3): 136 kB | 147 kB | 118/205 kB
Progress (3): 136 kB | 147 kB | 121/205 kB
Progress (3): 136 kB | 147 kB | 123/205 kB
Progress (3): 136 kB | 147 kB | 126/205 kB

Downloaded from central: https://repo.maven.apache.org/maven2/org/eclipse/aether/aether-api/1.0.2.v20150114/aether-api-1.0.2.v20150114.jar (136 kB at 65 kB/s)
Downloading from central: https://repo.maven.apache.org/maven2/org/eclipse/sisu/org.eclipse.sisu.inject/0.3.2/org.eclipse.sisu.inject-0.3.2.jar
Progress (2): 147 kB | 129/205 kB
Progress (2): 147 kB | 132/205 kB
Progress (2): 147 kB | 134/205 kB
Progress (2): 147 kB | 137/205 kB
Progress (2): 147 kB | 140/205 kB
Progress (2): 147 kB | 143/205 kB
Progress (2): 147 kB | 145/205 kB
Progress (2): 147 kB | 148/205 kB
Progress (2): 147 kB | 151/205 kB
Progress (3): 147 kB | 151/205 kB | 4.1/45 kB
Progress (3): 147 kB | 151/205 kB | 8.2/45 kB
Progress (3): 147 kB | 151/205 kB | 12/45 kB
Progress (3): 147 kB | 151/205 kB | 16/45 kB
Progress (3): 147 kB | 154/205 kB | 16/45 kB
Progress (3): 147 kB | 154/205 kB | 20/45 kB
Progress (3): 147 kB | 154/205 kB | 25/45 kB
Progress (3): 147 kB | 154/205 kB | 29/45 kB
Progress (3): 147 kB | 154/205 kB | 33/45 kB
Progress (3): 147 kB | 154/205 kB | 37/45 kB
Progress (3): 147 kB | 154/205 kB | 41/45 kB
Progress (3): 147 kB | 154/205 kB | 45 kB
Progress (3): 147 kB | 156/205 kB | 45 kB
Progress (3): 147 kB | 159/205 kB | 45 kB
Progress (3): 147 kB | 162/205 kB | 45 kB
Progress (3): 147 kB | 165/205 kB | 45 kB
Progress (3): 147 kB | 167/205 kB | 45 kB
Progress (3): 147 kB | 170/205 kB | 45 kB
Progress (3): 147 kB | 173/205 kB | 45 kB

Downloaded from central: https://repo.maven.apache.org/maven2/org/eclipse/aether/aether-util/1.0.2.v20150114/aether-util-1.0.2.v20150114.jar (147 kB at 68 kB/s)
Downloading from central: https://repo.maven.apache.org/maven2/com/google/inject/guice/4.0/guice-4.0-no_aop.jar
Progress (2): 175/205 kB | 45 kB
Progress (2): 178/205 kB | 45 kB
Progress (2): 181/205 kB | 45 kB
Progress (2): 184/205 kB | 45 kB
Progress (2): 186/205 kB | 45 kB
Progress (2): 189/205 kB | 45 kB
Progress (2): 192/205 kB | 45 kB
Progress (3): 192/205 kB | 45 kB | 4.1/378 kB
Progress (3): 192/205 kB | 45 kB | 8.2/378 kB
Progress (3): 192/205 kB | 45 kB | 12/378 kB
Progress (3): 192/205 kB | 45 kB | 16/378 kB
Progress (3): 192/205 kB | 45 kB | 20/378 kB
Progress (3): 192/205 kB | 45 kB | 25/378 kB
Progress (3): 192/205 kB | 45 kB | 29/378 kB
Progress (3): 192/205 kB | 45 kB | 33/378 kB
Progress (4): 192/205 kB | 45 kB | 33/378 kB | 4.1/5.8 kB
Progress (4): 192/205 kB | 45 kB | 33/378 kB | 5.8 kB
Progress (4): 195/205 kB | 45 kB | 33/378 kB | 5.8 kB
Progress (4): 197/205 kB | 45 kB | 33/378 kB | 5.8 kB
Progress (4): 200/205 kB | 45 kB | 33/378 kB | 5.8 kB
Progress (4): 203/205 kB | 45 kB | 33/378 kB | 5.8 kB
Progress (4): 205 kB | 45 kB | 33/378 kB | 5.8 kB
Progress (4): 205 kB | 45 kB | 37/378 kB | 5.8 kB
Progress (4): 205 kB | 45 kB | 41/378 kB | 5.8 kB
Progress (4): 205 kB | 45 kB | 45/378 kB | 5.8 kB
Progress (4): 205 kB | 45 kB | 49/378 kB | 5.8 kB
Progress (4): 205 kB | 45 kB | 53/378 kB | 5.8 kB
Progress (4): 205 kB | 45 kB | 57/378 kB | 5.8 kB
Progress (4): 205 kB | 45 kB | 61/378 kB | 5.8 kB
Progress (4): 205 kB | 45 kB | 66/378 kB | 5.8 kB
Progress (4): 205 kB | 45 kB | 70/378 kB | 5.8 kB
Progress (4): 205 kB | 45 kB | 74/378 kB | 5.8 kB
Progress (4): 205 kB | 45 kB | 78/378 kB | 5.8 kB
Progress (4): 205 kB | 45 kB | 82/378 kB | 5.8 kB
Progress (4): 205 kB | 45 kB | 86/378 kB | 5.8 kB
Progress (4): 205 kB | 45 kB | 90/378 kB | 5.8 kB
Progress (4): 205 kB | 45 kB | 94/378 kB | 5.8 kB
Progress (4): 205 kB | 45 kB | 98/378 kB | 5.8 kB

Downloaded from central: https://repo.maven.apache.org/maven2/javax/enterprise/cdi-api/1.0/cdi-api-1.0.jar (45 kB at 20 kB/s)
Downloading from central: https://repo.maven.apache.org/maven2/javax/inject/javax.inject/1/javax.inject-1.jar
Progress (3): 205 kB | 102/378 kB | 5.8 kB
Progress (3): 205 kB | 106/378 kB | 5.8 kB
Progress (3): 205 kB | 111/378 kB | 5.8 kB
Progress (3): 205 kB | 115/378 kB | 5.8 kB
Progress (3): 205 kB | 119/378 kB | 5.8 kB
Progress (3): 205 kB | 123/378 kB | 5.8 kB
Progress (3): 205 kB | 127/378 kB | 5.8 kB
Progress (3): 205 kB | 131/378 kB | 5.8 kB
Progress (3): 205 kB | 135/378 kB | 5.8 kB
Progress (3): 205 kB | 139/378 kB | 5.8 kB
Progress (3): 205 kB | 143/378 kB | 5.8 kB
Progress (3): 205 kB | 147/378 kB | 5.8 kB
Progress (3): 205 kB | 152/378 kB | 5.8 kB
Progress (3): 205 kB | 156/378 kB | 5.8 kB
Progress (3): 205 kB | 160/378 kB | 5.8 kB
Progress (3): 205 kB | 164/378 kB | 5.8 kB
Progress (3): 205 kB | 168/378 kB | 5.8 kB
Progress (3): 205 kB | 172/378 kB | 5.8 kB
Progress (3): 205 kB | 176/378 kB | 5.8 kB
Progress (3): 205 kB | 180/378 kB | 5.8 kB
Progress (3): 205 kB | 184/378 kB | 5.8 kB
Progress (3): 205 kB | 188/378 kB | 5.8 kB
Progress (3): 205 kB | 193/378 kB | 5.8 kB
Progress (3): 205 kB | 197/378 kB | 5.8 kB
Progress (3): 205 kB | 201/378 kB | 5.8 kB
Progress (3): 205 kB | 205/378 kB | 5.8 kB
Progress (3): 205 kB | 209/378 kB | 5.8 kB
Progress (3): 205 kB | 213/378 kB | 5.8 kB
Progress (3): 205 kB | 217/378 kB | 5.8 kB
Progress (3): 205 kB | 221/378 kB | 5.8 kB
Progress (3): 205 kB | 225/378 kB | 5.8 kB
Progress (3): 205 kB | 229/378 kB | 5.8 kB
Progress (3): 205 kB | 233/378 kB | 5.8 kB
Progress (3): 205 kB | 238/378 kB | 5.8 kB
Progress (3): 205 kB | 242/378 kB | 5.8 kB
Progress (3): 205 kB | 246/378 kB | 5.8 kB
Progress (3): 205 kB | 250/378 kB | 5.8 kB
Progress (3): 205 kB | 254/378 kB | 5.8 kB
Progress (3): 205 kB | 258/378 kB | 5.8 kB
Progress (3): 205 kB | 262/378 kB | 5.8 kB
Progress (3): 205 kB | 266/378 kB | 5.8 kB
Progress (3): 205 kB | 270/378 kB | 5.8 kB
Progress (3): 205 kB | 274/378 kB | 5.8 kB
Progress (3): 205 kB | 279/378 kB | 5.8 kB
Progress (3): 205 kB | 283/378 kB | 5.8 kB
Progress (3): 205 kB | 287/378 kB | 5.8 kB
Progress (3): 205 kB | 291/378 kB | 5.8 kB
Progress (3): 205 kB | 295/378 kB | 5.8 kB
Progress (3): 205 kB | 299/378 kB | 5.8 kB
Progress (3): 205 kB | 303/378 kB | 5.8 kB
Progress (3): 205 kB | 307/378 kB | 5.8 kB
Progress (3): 205 kB | 311/378 kB | 5.8 kB
Progress (3): 205 kB | 315/378 kB | 5.8 kB
Progress (3): 205 kB | 319/378 kB | 5.8 kB
Progress (3): 205 kB | 324/378 kB | 5.8 kB
Progress (3): 205 kB | 328/378 kB | 5.8 kB
Progress (3): 205 kB | 332/378 kB | 5.8 kB
Progress (3): 205 kB | 336/378 kB | 5.8 kB
Progress (3): 205 kB | 340/378 kB | 5.8 kB
Progress (3): 205 kB | 344/378 kB | 5.8 kB
Progress (3): 205 kB | 348/378 kB | 5.8 kB
Progress (3): 205 kB | 352/378 kB | 5.8 kB
Progress (3): 205 kB | 356/378 kB | 5.8 kB
Progress (3): 205 kB | 360/378 kB | 5.8 kB
Progress (3): 205 kB | 365/378 kB | 5.8 kB
Progress (3): 205 kB | 369/378 kB | 5.8 kB
Progress (3): 205 kB | 373/378 kB | 5.8 kB
Progress (4): 205 kB | 373/378 kB | 5.8 kB | 4.1/424 kB
Progress (4): 205 kB | 373/378 kB | 5.8 kB | 8.2/424 kB
Progress (4): 205 kB | 373/378 kB | 5.8 kB | 12/424 kB
Progress (4): 205 kB | 373/378 kB | 5.8 kB | 16/424 kB
Progress (4): 205 kB | 377/378 kB | 5.8 kB | 16/424 kB
Progress (4): 205 kB | 378 kB | 5.8 kB | 16/424 kB
Progress (4): 205 kB | 378 kB | 5.8 kB | 20/424 kB
Progress (4): 205 kB | 378 kB | 5.8 kB | 25/424 kB
Progress (4): 205 kB | 378 kB | 5.8 kB | 29/424 kB
Progress (4): 205 kB | 378 kB | 5.8 kB | 33/424 kB
Progress (4): 205 kB | 378 kB | 5.8 kB | 37/424 kB
Progress (4): 205 kB | 378 kB | 5.8 kB | 41/424 kB
Progress (4): 205 kB | 378 kB | 5.8 kB | 45/424 kB
Progress (4): 205 kB | 378 kB | 5.8 kB | 49/424 kB
Progress (4): 205 kB | 378 kB | 5.8 kB | 53/424 kB
Progress (4): 205 kB | 378 kB | 5.8 kB | 57/424 kB
Progress (4): 205 kB | 378 kB | 5.8 kB | 61/424 kB
Progress (4): 205 kB | 378 kB | 5.8 kB | 66/424 kB
Progress (4): 205 kB | 378 kB | 5.8 kB | 70/424 kB
Progress (4): 205 kB | 378 kB | 5.8 kB | 74/424 kB
Progress (4): 205 kB | 378 kB | 5.8 kB | 78/424 kB
Progress (4): 205 kB | 378 kB | 5.8 kB | 82/424 kB
Progress (4): 205 kB | 378 kB | 5.8 kB | 86/424 kB
Progress (4): 205 kB | 378 kB | 5.8 kB | 90/424 kB
Progress (4): 205 kB | 378 kB | 5.8 kB | 94/424 kB
Progress (4): 205 kB | 378 kB | 5.8 kB | 98/424 kB
Progress (4): 205 kB | 378 kB | 5.8 kB | 102/424 kB
Progress (4): 205 kB | 378 kB | 5.8 kB | 106/424 kB
Progress (4): 205 kB | 378 kB | 5.8 kB | 111/424 kB
Progress (4): 205 kB | 378 kB | 5.8 kB | 115/424 kB
Progress (4): 205 kB | 378 kB | 5.8 kB | 119/424 kB
Progress (4): 205 kB | 378 kB | 5.8 kB | 123/424 kB
Progress (4): 205 kB | 378 kB | 5.8 kB | 127/424 kB
Progress (4): 205 kB | 378 kB | 5.8 kB | 131/424 kB
Progress (4): 205 kB | 378 kB | 5.8 kB | 135/424 kB
Progress (4): 205 kB | 378 kB | 5.8 kB | 139/424 kB
Progress (4): 205 kB | 378 kB | 5.8 kB | 143/424 kB
Progress (4): 205 kB | 378 kB | 5.8 kB | 147/424 kB
Progress (4): 205 kB | 378 kB | 5.8 kB | 152/424 kB
Progress (4): 205 kB | 378 kB | 5.8 kB | 156/424 kB
Progress (4): 205 kB | 378 kB | 5.8 kB | 160/424 kB
Progress (4): 205 kB | 378 kB | 5.8 kB | 164/424 kB
Progress (4): 205 kB | 378 kB | 5.8 kB | 168/424 kB
Progress (4): 205 kB | 378 kB | 5.8 kB | 172/424 kB
Progress (4): 205 kB | 378 kB | 5.8 kB | 176/424 kB
Progress (4): 205 kB | 378 kB | 5.8 kB | 180/424 kB
Progress (4): 205 kB | 378 kB | 5.8 kB | 184/424 kB
Progress (4): 205 kB | 378 kB | 5.8 kB | 188/424 kB
Progress (4): 205 kB | 378 kB | 5.8 kB | 193/424 kB
Progress (4): 205 kB | 378 kB | 5.8 kB | 197/424 kB
Progress (4): 205 kB | 378 kB | 5.8 kB | 201/424 kB
Progress (4): 205 kB | 378 kB | 5.8 kB | 205/424 kB
Progress (4): 205 kB | 378 kB | 5.8 kB | 209/424 kB
Progress (4): 205 kB | 378 kB | 5.8 kB | 213/424 kB
Progress (4): 205 kB | 378 kB | 5.8 kB | 217/424 kB
Progress (4): 205 kB | 378 kB | 5.8 kB | 221/424 kB
Progress (4): 205 kB | 378 kB | 5.8 kB | 225/424 kB
Progress (4): 205 kB | 378 kB | 5.8 kB | 229/424 kB
Progress (4): 205 kB | 378 kB | 5.8 kB | 233/424 kB
Progress (4): 205 kB | 378 kB | 5.8 kB | 238/424 kB
Progress (4): 205 kB | 378 kB | 5.8 kB | 242/424 kB
Progress (4): 205 kB | 378 kB | 5.8 kB | 246/424 kB
Progress (4): 205 kB | 378 kB | 5.8 kB | 250/424 kB
Progress (4): 205 kB | 378 kB | 5.8 kB | 254/424 kB
Progress (4): 205 kB | 378 kB | 5.8 kB | 258/424 kB
Progress (4): 205 kB | 378 kB | 5.8 kB | 262/424 kB
Progress (4): 205 kB | 378 kB | 5.8 kB | 266/424 kB
Progress (4): 205 kB | 378 kB | 5.8 kB | 270/424 kB
Progress (4): 205 kB | 378 kB | 5.8 kB | 274/424 kB
Progress (4): 205 kB | 378 kB | 5.8 kB | 279/424 kB
Progress (4): 205 kB | 378 kB | 5.8 kB | 283/424 kB
Progress (4): 205 kB | 378 kB | 5.8 kB | 287/424 kB
Progress (4): 205 kB | 378 kB | 5.8 kB | 291/424 kB
Progress (4): 205 kB | 378 kB | 5.8 kB | 295/424 kB
Progress (4): 205 kB | 378 kB | 5.8 kB | 299/424 kB
Progress (4): 205 kB | 378 kB | 5.8 kB | 303/424 kB
Progress (4): 205 kB | 378 kB | 5.8 kB | 307/424 kB
Progress (4): 205 kB | 378 kB | 5.8 kB | 311/424 kB
Progress (4): 205 kB | 378 kB | 5.8 kB | 315/424 kB
Progress (4): 205 kB | 378 kB | 5.8 kB | 319/424 kB
Progress (4): 205 kB | 378 kB | 5.8 kB | 324/424 kB
Progress (4): 205 kB | 378 kB | 5.8 kB | 328/424 kB
Progress (4): 205 kB | 378 kB | 5.8 kB | 332/424 kB
Progress (4): 205 kB | 378 kB | 5.8 kB | 336/424 kB
Progress (4): 205 kB | 378 kB | 5.8 kB | 340/424 kB
Progress (4): 205 kB | 378 kB | 5.8 kB | 344/424 kB

Downloaded from central: https://repo.maven.apache.org/maven2/javax/annotation/jsr250-api/1.0/jsr250-api-1.0.jar (5.8 kB at 2.2 kB/s)
Downloading from central: https://repo.maven.apache.org/maven2/aopalliance/aopalliance/1.0/aopalliance-1.0.jar
Progress (4): 205 kB | 378 kB | 344/424 kB | 2.5 kB

Downloaded from central: https://repo.maven.apache.org/maven2/org/eclipse/sisu/org.eclipse.sisu.plexus/0.3.2/org.eclipse.sisu.plexus-0.3.2.jar (205 kB at 76 kB/s)
Downloading from central: https://repo.maven.apache.org/maven2/org/codehaus/plexus/plexus-classworlds/2.5.2/plexus-classworlds-2.5.2.jar
Progress (3): 378 kB | 348/424 kB | 2.5 kB
Progress (3): 378 kB | 352/424 kB | 2.5 kB
Progress (3): 378 kB | 356/424 kB | 2.5 kB
Progress (3): 378 kB | 360/424 kB | 2.5 kB

Downloaded from central: https://repo.maven.apache.org/maven2/org/eclipse/sisu/org.eclipse.sisu.inject/0.3.2/org.eclipse.sisu.inject-0.3.2.jar (378 kB at 138 kB/s)
Downloading from central: https://repo.maven.apache.org/maven2/org/codehaus/plexus/plexus-component-annotations/1.6/plexus-component-annotations-1.6.jar
Progress (2): 365/424 kB | 2.5 kB
Progress (2): 369/424 kB | 2.5 kB
Progress (2): 373/424 kB | 2.5 kB
Progress (2): 377/424 kB | 2.5 kB
Progress (2): 381/424 kB | 2.5 kB
Progress (2): 385/424 kB | 2.5 kB
Progress (2): 389/424 kB | 2.5 kB
Progress (2): 393/424 kB | 2.5 kB
Progress (2): 397/424 kB | 2.5 kB
Progress (2): 401/424 kB | 2.5 kB
Progress (2): 406/424 kB | 2.5 kB
Progress (2): 410/424 kB | 2.5 kB
Progress (2): 414/424 kB | 2.5 kB
Progress (2): 418/424 kB | 2.5 kB
Progress (2): 422/424 kB | 2.5 kB
Progress (2): 424 kB | 2.5 kB
Progress (3): 424 kB | 2.5 kB | 4.1/4.5 kB
Progress (3): 424 kB | 2.5 kB | 4.5 kB

Downloaded from central: https://repo.maven.apache.org/maven2/javax/inject/javax.inject/1/javax.inject-1.jar (2.5 kB at 889 B/s)
Downloading from central: https://repo.maven.apache.org/maven2/org/apache/maven/maven-model/3.3.9/maven-model-3.3.9.jar
Progress (3): 424 kB | 4.5 kB | 4.1/53 kB
Progress (3): 424 kB | 4.5 kB | 8.2/53 kB
Progress (3): 424 kB | 4.5 kB | 12/53 kB
Progress (3): 424 kB | 4.5 kB | 16/53 kB
Progress (3): 424 kB | 4.5 kB | 20/53 kB
Progress (3): 424 kB | 4.5 kB | 25/53 kB
Progress (3): 424 kB | 4.5 kB | 29/53 kB
Progress (3): 424 kB | 4.5 kB | 33/53 kB
Progress (3): 424 kB | 4.5 kB | 37/53 kB
Progress (3): 424 kB | 4.5 kB | 41/53 kB
Progress (3): 424 kB | 4.5 kB | 45/53 kB

Downloaded from central: https://repo.maven.apache.org/maven2/com/google/inject/guice/4.0/guice-4.0-no_aop.jar (424 kB at 148 kB/s)
Progress (3): 4.5 kB | 45/53 kB | 4.1/4.3 kB
Progress (3): 4.5 kB | 45/53 kB | 4.3 kB

Downloading from central: https://repo.maven.apache.org/maven2/org/apache/maven/maven-plugin-api/3.3.9/maven-plugin-api-3.3.9.jar
Downloaded from central: https://repo.maven.apache.org/maven2/aopalliance/aopalliance/1.0/aopalliance-1.0.jar (4.5 kB at 1.6 kB/s)
Downloading from central: https://repo.maven.apache.org/maven2/org/apache/maven/maven-settings/3.3.9/maven-settings-3.3.9.jar
Progress (2): 49/53 kB | 4.3 kB
Progress (2): 53 kB | 4.3 kB
Progress (3): 53 kB | 4.3 kB | 4.1/164 kB
Progress (3): 53 kB | 4.3 kB | 8.2/164 kB
Progress (3): 53 kB | 4.3 kB | 12/164 kB
Progress (3): 53 kB | 4.3 kB | 16/164 kB
Progress (3): 53 kB | 4.3 kB | 20/164 kB
Progress (3): 53 kB | 4.3 kB | 25/164 kB
Progress (3): 53 kB | 4.3 kB | 29/164 kB
Progress (3): 53 kB | 4.3 kB | 33/164 kB
Progress (3): 53 kB | 4.3 kB | 37/164 kB
Progress (3): 53 kB | 4.3 kB | 41/164 kB
Progress (3): 53 kB | 4.3 kB | 45/164 kB
Progress (3): 53 kB | 4.3 kB | 49/164 kB
Progress (3): 53 kB | 4.3 kB | 53/164 kB
Progress (3): 53 kB | 4.3 kB | 57/164 kB
Progress (3): 53 kB | 4.3 kB | 61/164 kB
Progress (3): 53 kB | 4.3 kB | 66/164 kB
Progress (3): 53 kB | 4.3 kB | 70/164 kB
Progress (3): 53 kB | 4.3 kB | 74/164 kB
Progress (3): 53 kB | 4.3 kB | 78/164 kB
Progress (3): 53 kB | 4.3 kB | 82/164 kB
Progress (3): 53 kB | 4.3 kB | 86/164 kB
Progress (3): 53 kB | 4.3 kB | 90/164 kB
Progress (3): 53 kB | 4.3 kB | 94/164 kB
Progress (3): 53 kB | 4.3 kB | 98/164 kB
Progress (3): 53 kB | 4.3 kB | 102/164 kB
Progress (3): 53 kB | 4.3 kB | 106/164 kB
Progress (3): 53 kB | 4.3 kB | 111/164 kB
Progress (3): 53 kB | 4.3 kB | 115/164 kB
Progress (3): 53 kB | 4.3 kB | 119/164 kB
Progress (3): 53 kB | 4.3 kB | 123/164 kB
Progress (3): 53 kB | 4.3 kB | 127/164 kB
Progress (3): 53 kB | 4.3 kB | 131/164 kB
Progress (3): 53 kB | 4.3 kB | 135/164 kB
Progress (3): 53 kB | 4.3 kB | 139/164 kB
Progress (3): 53 kB | 4.3 kB | 143/164 kB
Progress (3): 53 kB | 4.3 kB | 147/164 kB
Progress (3): 53 kB | 4.3 kB | 152/164 kB
Progress (3): 53 kB | 4.3 kB | 156/164 kB
Progress (3): 53 kB | 4.3 kB | 160/164 kB
Progress (3): 53 kB | 4.3 kB | 164/164 kB
Progress (3): 53 kB | 4.3 kB | 164 kB

Downloaded from central: https://repo.maven.apache.org/maven2/org/codehaus/plexus/plexus-component-annotations/1.6/plexus-component-annotations-1.6.jar (4.3 kB at 1.4 kB/s)
Downloading from central: https://repo.maven.apache.org/maven2/org/apache/maven/shared/maven-common-artifact-filters/3.0.1/maven-common-artifact-filters-3.0.1.jar
Progress (3): 53 kB | 164 kB | 4.1/44 kB
Progress (3): 53 kB | 164 kB | 8.2/44 kB
Progress (3): 53 kB | 164 kB | 12/44 kB
Progress (3): 53 kB | 164 kB | 16/44 kB
Progress (4): 53 kB | 164 kB | 16/44 kB | 4.1/47 kB
Progress (4): 53 kB | 164 kB | 16/44 kB | 8.2/47 kB
Progress (4): 53 kB | 164 kB | 16/44 kB | 12/47 kB
Progress (4): 53 kB | 164 kB | 16/44 kB | 16/47 kB
Progress (4): 53 kB | 164 kB | 16/44 kB | 20/47 kB
Progress (4): 53 kB | 164 kB | 16/44 kB | 25/47 kB
Progress (4): 53 kB | 164 kB | 16/44 kB | 29/47 kB
Progress (4): 53 kB | 164 kB | 16/44 kB | 33/47 kB
Progress (4): 53 kB | 164 kB | 16/44 kB | 37/47 kB
Progress (4): 53 kB | 164 kB | 16/44 kB | 41/47 kB
Progress (4): 53 kB | 164 kB | 16/44 kB | 45/47 kB
Progress (4): 53 kB | 164 kB | 16/44 kB | 47 kB
Progress (4): 53 kB | 164 kB | 20/44 kB | 47 kB
Progress (4): 53 kB | 164 kB | 25/44 kB | 47 kB
Progress (4): 53 kB | 164 kB | 29/44 kB | 47 kB
Progress (4): 53 kB | 164 kB | 33/44 kB | 47 kB

Downloaded from central: https://repo.maven.apache.org/maven2/org/apache/maven/maven-model/3.3.9/maven-model-3.3.9.jar (164 kB at 51 kB/s)
Downloading from central: https://repo.maven.apache.org/maven2/org/codehaus/plexus/plexus-archiver/3.6.0/plexus-archiver-3.6.0.jar
Progress (3): 53 kB | 37/44 kB | 47 kB

Downloaded from central: https://repo.maven.apache.org/maven2/org/codehaus/plexus/plexus-classworlds/2.5.2/plexus-classworlds-2.5.2.jar (53 kB at 16 kB/s)
Downloading from central: https://repo.maven.apache.org/maven2/org/codehaus/plexus/plexus-io/3.0.1/plexus-io-3.0.1.jar
Progress (3): 37/44 kB | 47 kB | 4.1/61 kB
Progress (3): 37/44 kB | 47 kB | 8.2/61 kB
Progress (3): 37/44 kB | 47 kB | 12/61 kB
Progress (3): 37/44 kB | 47 kB | 16/61 kB
Progress (3): 41/44 kB | 47 kB | 16/61 kB
Progress (3): 44 kB | 47 kB | 16/61 kB
Progress (3): 44 kB | 47 kB | 20/61 kB
Progress (3): 44 kB | 47 kB | 25/61 kB
Progress (3): 44 kB | 47 kB | 29/61 kB
Progress (3): 44 kB | 47 kB | 33/61 kB
Progress (3): 44 kB | 47 kB | 37/61 kB
Progress (3): 44 kB | 47 kB | 41/61 kB
Progress (3): 44 kB | 47 kB | 45/61 kB
Progress (3): 44 kB | 47 kB | 49/61 kB
Progress (3): 44 kB | 47 kB | 53/61 kB
Progress (3): 44 kB | 47 kB | 57/61 kB
Progress (3): 44 kB | 47 kB | 61/61 kB
Progress (3): 44 kB | 47 kB | 61 kB

Downloaded from central: https://repo.maven.apache.org/maven2/org/apache/maven/maven-plugin-api/3.3.9/maven-plugin-api-3.3.9.jar (47 kB at 15 kB/s)
Downloading from central: https://repo.maven.apache.org/maven2/org/apache/maven/plugins/maven-shade-plugin/3.2.1/maven-shade-plugin-3.2.1.jar
Progress (3): 44 kB | 61 kB | 4.1/191 kB
Progress (3): 44 kB | 61 kB | 8.2/191 kB
Progress (3): 44 kB | 61 kB | 12/191 kB
Progress (3): 44 kB | 61 kB | 16/191 kB
Progress (3): 44 kB | 61 kB | 20/191 kB
Progress (3): 44 kB | 61 kB | 25/191 kB
Progress (3): 44 kB | 61 kB | 29/191 kB
Progress (3): 44 kB | 61 kB | 33/191 kB
Progress (3): 44 kB | 61 kB | 37/191 kB
Progress (3): 44 kB | 61 kB | 41/191 kB
Progress (3): 44 kB | 61 kB | 45/191 kB
Progress (3): 44 kB | 61 kB | 49/191 kB
Progress (3): 44 kB | 61 kB | 53/191 kB
Progress (3): 44 kB | 61 kB | 57/191 kB
Progress (3): 44 kB | 61 kB | 61/191 kB
Progress (3): 44 kB | 61 kB | 66/191 kB
Progress (3): 44 kB | 61 kB | 70/191 kB
Progress (3): 44 kB | 61 kB | 74/191 kB
Progress (3): 44 kB | 61 kB | 78/191 kB
Progress (3): 44 kB | 61 kB | 82/191 kB
Progress (3): 44 kB | 61 kB | 86/191 kB
Progress (3): 44 kB | 61 kB | 90/191 kB
Progress (3): 44 kB | 61 kB | 94/191 kB
Progress (3): 44 kB | 61 kB | 98/191 kB
Progress (3): 44 kB | 61 kB | 102/191 kB
Progress (3): 44 kB | 61 kB | 106/191 kB
Progress (3): 44 kB | 61 kB | 111/191 kB
Progress (3): 44 kB | 61 kB | 115/191 kB
Progress (3): 44 kB | 61 kB | 119/191 kB
Progress (3): 44 kB | 61 kB | 123/191 kB
Progress (3): 44 kB | 61 kB | 127/191 kB
Progress (3): 44 kB | 61 kB | 131/191 kB
Progress (3): 44 kB | 61 kB | 135/191 kB
Progress (3): 44 kB | 61 kB | 139/191 kB
Progress (3): 44 kB | 61 kB | 143/191 kB
Progress (3): 44 kB | 61 kB | 147/191 kB
Progress (3): 44 kB | 61 kB | 152/191 kB
Progress (3): 44 kB | 61 kB | 156/191 kB
Progress (3): 44 kB | 61 kB | 160/191 kB
Progress (3): 44 kB | 61 kB | 164/191 kB
Progress (3): 44 kB | 61 kB | 168/191 kB
Progress (3): 44 kB | 61 kB | 172/191 kB
Progress (3): 44 kB | 61 kB | 176/191 kB
Progress (3): 44 kB | 61 kB | 180/191 kB
Progress (3): 44 kB | 61 kB | 184/191 kB
Progress (3): 44 kB | 61 kB | 188/191 kB
Progress (3): 44 kB | 61 kB | 191 kB
Progress (4): 44 kB | 61 kB | 191 kB | 4.1/74 kB
Progress (4): 44 kB | 61 kB | 191 kB | 8.2/74 kB
Progress (4): 44 kB | 61 kB | 191 kB | 12/74 kB
Progress (4): 44 kB | 61 kB | 191 kB | 16/74 kB
Progress (4): 44 kB | 61 kB | 191 kB | 20/74 kB
Progress (4): 44 kB | 61 kB | 191 kB | 25/74 kB
Progress (4): 44 kB | 61 kB | 191 kB | 29/74 kB
Progress (4): 44 kB | 61 kB | 191 kB | 33/74 kB

Downloaded from central: https://repo.maven.apache.org/maven2/org/apache/maven/maven-settings/3.3.9/maven-settings-3.3.9.jar (44 kB at 13 kB/s)
Downloading from central: https://repo.maven.apache.org/maven2/org/apache/maven/shared/maven-artifact-transfer/0.10.0/maven-artifact-transfer-0.10.0.jar
Progress (3): 61 kB | 191 kB | 37/74 kB
Progress (3): 61 kB | 191 kB | 41/74 kB
Progress (3): 61 kB | 191 kB | 45/74 kB
Progress (3): 61 kB | 191 kB | 49/74 kB
Progress (3): 61 kB | 191 kB | 53/74 kB
Progress (3): 61 kB | 191 kB | 57/74 kB
Progress (3): 61 kB | 191 kB | 61/74 kB
Progress (3): 61 kB | 191 kB | 66/74 kB
Progress (3): 61 kB | 191 kB | 70/74 kB
Progress (3): 61 kB | 191 kB | 74/74 kB
Progress (3): 61 kB | 191 kB | 74 kB

Downloaded from central: https://repo.maven.apache.org/maven2/org/apache/maven/shared/maven-common-artifact-filters/3.0.1/maven-common-artifact-filters-3.0.1.jar (61 kB at 18 kB/s)
Downloading from central: https://repo.maven.apache.org/maven2/org/ow2/asm/asm/7.0/asm-7.0.jar
Progress (3): 191 kB | 74 kB | 4.1/114 kB
Progress (3): 191 kB | 74 kB | 8.2/114 kB
Progress (3): 191 kB | 74 kB | 12/114 kB
Progress (3): 191 kB | 74 kB | 16/114 kB
Progress (3): 191 kB | 74 kB | 20/114 kB
Progress (3): 191 kB | 74 kB | 25/114 kB
Progress (3): 191 kB | 74 kB | 29/114 kB
Progress (3): 191 kB | 74 kB | 33/114 kB
Progress (3): 191 kB | 74 kB | 37/114 kB
Progress (3): 191 kB | 74 kB | 41/114 kB
Progress (3): 191 kB | 74 kB | 45/114 kB
Progress (3): 191 kB | 74 kB | 49/114 kB
Progress (3): 191 kB | 74 kB | 53/114 kB
Progress (3): 191 kB | 74 kB | 57/114 kB
Progress (3): 191 kB | 74 kB | 61/114 kB
Progress (3): 191 kB | 74 kB | 66/114 kB
Progress (3): 191 kB | 74 kB | 70/114 kB
Progress (3): 191 kB | 74 kB | 74/114 kB
Progress (3): 191 kB | 74 kB | 78/114 kB
Progress (3): 191 kB | 74 kB | 82/114 kB
Progress (3): 191 kB | 74 kB | 86/114 kB
Progress (3): 191 kB | 74 kB | 90/114 kB
Progress (3): 191 kB | 74 kB | 94/114 kB
Progress (3): 191 kB | 74 kB | 98/114 kB
Progress (3): 191 kB | 74 kB | 102/114 kB
Progress (3): 191 kB | 74 kB | 106/114 kB

Downloaded from central: https://repo.maven.apache.org/maven2/org/codehaus/plexus/plexus-archiver/3.6.0/plexus-archiver-3.6.0.jar (191 kB at 55 kB/s)
Downloading from central: https://repo.maven.apache.org/maven2/org/ow2/asm/asm-commons/7.0/asm-commons-7.0.jar
Progress (2): 74 kB | 111/114 kB
Progress (2): 74 kB | 114 kB
Progress (3): 74 kB | 114 kB | 4.1/128 kB
Progress (3): 74 kB | 114 kB | 8.2/128 kB
Progress (3): 74 kB | 114 kB | 12/128 kB
Progress (3): 74 kB | 114 kB | 16/128 kB
Progress (3): 74 kB | 114 kB | 20/128 kB
Progress (3): 74 kB | 114 kB | 25/128 kB
Progress (3): 74 kB | 114 kB | 29/128 kB
Progress (3): 74 kB | 114 kB | 33/128 kB
Progress (3): 74 kB | 114 kB | 37/128 kB
Progress (3): 74 kB | 114 kB | 41/128 kB
Progress (3): 74 kB | 114 kB | 45/128 kB
Progress (3): 74 kB | 114 kB | 49/128 kB
Progress (3): 74 kB | 114 kB | 53/128 kB
Progress (3): 74 kB | 114 kB | 57/128 kB
Progress (3): 74 kB | 114 kB | 61/128 kB
Progress (3): 74 kB | 114 kB | 66/128 kB
Progress (3): 74 kB | 114 kB | 70/128 kB
Progress (3): 74 kB | 114 kB | 74/128 kB
Progress (3): 74 kB | 114 kB | 78/128 kB
Progress (3): 74 kB | 114 kB | 82/128 kB
Progress (3): 74 kB | 114 kB | 86/128 kB
Progress (3): 74 kB | 114 kB | 90/128 kB
Progress (3): 74 kB | 114 kB | 94/128 kB
Progress (3): 74 kB | 114 kB | 98/128 kB
Progress (3): 74 kB | 114 kB | 102/128 kB
Progress (3): 74 kB | 114 kB | 106/128 kB
Progress (3): 74 kB | 114 kB | 111/128 kB
Progress (3): 74 kB | 114 kB | 115/128 kB
Progress (3): 74 kB | 114 kB | 119/128 kB
Progress (3): 74 kB | 114 kB | 123/128 kB
Progress (3): 74 kB | 114 kB | 127/128 kB
Progress (3): 74 kB | 114 kB | 128 kB
Progress (4): 74 kB | 114 kB | 128 kB | 4.1/114 kB
Progress (4): 74 kB | 114 kB | 128 kB | 8.2/114 kB
Progress (4): 74 kB | 114 kB | 128 kB | 12/114 kB
Progress (4): 74 kB | 114 kB | 128 kB | 16/114 kB
Progress (4): 74 kB | 114 kB | 128 kB | 20/114 kB
Progress (4): 74 kB | 114 kB | 128 kB | 25/114 kB
Progress (4): 74 kB | 114 kB | 128 kB | 29/114 kB
Progress (4): 74 kB | 114 kB | 128 kB | 33/114 kB
Progress (4): 74 kB | 114 kB | 128 kB | 37/114 kB
Progress (4): 74 kB | 114 kB | 128 kB | 41/114 kB
Progress (4): 74 kB | 114 kB | 128 kB | 45/114 kB
Progress (4): 74 kB | 114 kB | 128 kB | 49/114 kB
Progress (4): 74 kB | 114 kB | 128 kB | 53/114 kB
Progress (4): 74 kB | 114 kB | 128 kB | 57/114 kB
Progress (4): 74 kB | 114 kB | 128 kB | 61/114 kB
Progress (4): 74 kB | 114 kB | 128 kB | 66/114 kB
Progress (4): 74 kB | 114 kB | 128 kB | 70/114 kB
Progress (4): 74 kB | 114 kB | 128 kB | 74/114 kB
Progress (4): 74 kB | 114 kB | 128 kB | 78/114 kB
Progress (4): 74 kB | 114 kB | 128 kB | 82/114 kB

Downloaded from central: https://repo.maven.apache.org/maven2/org/codehaus/plexus/plexus-io/3.0.1/plexus-io-3.0.1.jar (74 kB at 20 kB/s)
Downloading from central: https://repo.maven.apache.org/maven2/org/ow2/asm/asm-tree/7.0/asm-tree-7.0.jar
Progress (3): 114 kB | 128 kB | 86/114 kB
Progress (3): 114 kB | 128 kB | 90/114 kB
Progress (3): 114 kB | 128 kB | 94/114 kB
Progress (3): 114 kB | 128 kB | 98/114 kB
Progress (3): 114 kB | 128 kB | 102/114 kB
Progress (3): 114 kB | 128 kB | 106/114 kB
Progress (3): 114 kB | 128 kB | 111/114 kB
Progress (3): 114 kB | 128 kB | 114 kB
Progress (4): 114 kB | 128 kB | 114 kB | 4.1/80 kB
Progress (4): 114 kB | 128 kB | 114 kB | 8.2/80 kB
Progress (4): 114 kB | 128 kB | 114 kB | 12/80 kB
Progress (4): 114 kB | 128 kB | 114 kB | 16/80 kB
Progress (4): 114 kB | 128 kB | 114 kB | 20/80 kB
Progress (4): 114 kB | 128 kB | 114 kB | 25/80 kB
Progress (4): 114 kB | 128 kB | 114 kB | 29/80 kB
Progress (4): 114 kB | 128 kB | 114 kB | 33/80 kB
Progress (4): 114 kB | 128 kB | 114 kB | 37/80 kB
Progress (4): 114 kB | 128 kB | 114 kB | 41/80 kB
Progress (4): 114 kB | 128 kB | 114 kB | 45/80 kB
Progress (4): 114 kB | 128 kB | 114 kB | 49/80 kB
Progress (4): 114 kB | 128 kB | 114 kB | 53/80 kB
Progress (4): 114 kB | 128 kB | 114 kB | 57/80 kB
Progress (4): 114 kB | 128 kB | 114 kB | 61/80 kB
Progress (4): 114 kB | 128 kB | 114 kB | 66/80 kB
Progress (4): 114 kB | 128 kB | 114 kB | 70/80 kB
Progress (4): 114 kB | 128 kB | 114 kB | 74/80 kB
Progress (4): 114 kB | 128 kB | 114 kB | 78/80 kB
Progress (4): 114 kB | 128 kB | 114 kB | 80 kB

Downloaded from central: https://repo.maven.apache.org/maven2/org/apache/maven/plugins/maven-shade-plugin/3.2.1/maven-shade-plugin-3.2.1.jar (114 kB at 31 kB/s)
Downloading from central: https://repo.maven.apache.org/maven2/org/ow2/asm/asm-analysis/7.0/asm-analysis-7.0.jar
Downloaded from central: https://repo.maven.apache.org/maven2/org/apache/maven/shared/maven-artifact-transfer/0.10.0/maven-artifact-transfer-0.10.0.jar (128 kB at 35 kB/s)
Progress (3): 114 kB | 80 kB | 4.1/50 kB
Progress (3): 114 kB | 80 kB | 8.2/50 kB
Progress (3): 114 kB | 80 kB | 12/50 kB
Progress (3): 114 kB | 80 kB | 16/50 kB

Downloading from central: https://repo.maven.apache.org/maven2/org/jdom/jdom2/2.0.6/jdom2-2.0.6.jar
Progress (3): 114 kB | 80 kB | 20/50 kB
Progress (3): 114 kB | 80 kB | 25/50 kB
Progress (3): 114 kB | 80 kB | 29/50 kB
Progress (3): 114 kB | 80 kB | 33/50 kB
Progress (3): 114 kB | 80 kB | 37/50 kB
Progress (3): 114 kB | 80 kB | 41/50 kB
Progress (3): 114 kB | 80 kB | 45/50 kB
Progress (3): 114 kB | 80 kB | 49/50 kB
Progress (3): 114 kB | 80 kB | 50 kB

Downloaded from central: https://repo.maven.apache.org/maven2/org/ow2/asm/asm/7.0/asm-7.0.jar (114 kB at 30 kB/s)
Downloading from central: https://repo.maven.apache.org/maven2/org/apache/maven/shared/maven-dependency-tree/3.0.1/maven-dependency-tree-3.0.1.jar
Downloaded from central: https://repo.maven.apache.org/maven2/org/ow2/asm/asm-commons/7.0/asm-commons-7.0.jar (80 kB at 21 kB/s)
Downloading from central: https://repo.maven.apache.org/maven2/org/vafer/jdependency/2.1.1/jdependency-2.1.1.jar
Progress (2): 50 kB | 4.1/33 kB
Progress (2): 50 kB | 8.2/33 kB
Progress (2): 50 kB | 12/33 kB
Progress (2): 50 kB | 16/33 kB
Progress (2): 50 kB | 20/33 kB
Progress (2): 50 kB | 25/33 kB
Progress (2): 50 kB | 29/33 kB
Progress (2): 50 kB | 33/33 kB
Progress (2): 50 kB | 33 kB
Progress (3): 50 kB | 33 kB | 4.1/305 kB
Progress (3): 50 kB | 33 kB | 8.2/305 kB
Progress (3): 50 kB | 33 kB | 12/305 kB
Progress (3): 50 kB | 33 kB | 16/305 kB
Progress (3): 50 kB | 33 kB | 20/305 kB
Progress (3): 50 kB | 33 kB | 25/305 kB
Progress (3): 50 kB | 33 kB | 29/305 kB
Progress (3): 50 kB | 33 kB | 33/305 kB
Progress (3): 50 kB | 33 kB | 37/305 kB
Progress (3): 50 kB | 33 kB | 41/305 kB
Progress (3): 50 kB | 33 kB | 45/305 kB
Progress (3): 50 kB | 33 kB | 49/305 kB
Progress (3): 50 kB | 33 kB | 53/305 kB
Progress (3): 50 kB | 33 kB | 57/305 kB
Progress (3): 50 kB | 33 kB | 61/305 kB
Progress (3): 50 kB | 33 kB | 66/305 kB
Progress (3): 50 kB | 33 kB | 70/305 kB
Progress (3): 50 kB | 33 kB | 74/305 kB
Progress (3): 50 kB | 33 kB | 78/305 kB
Progress (3): 50 kB | 33 kB | 82/305 kB
Progress (3): 50 kB | 33 kB | 86/305 kB
Progress (3): 50 kB | 33 kB | 90/305 kB
Progress (3): 50 kB | 33 kB | 94/305 kB
Progress (3): 50 kB | 33 kB | 98/305 kB
Progress (3): 50 kB | 33 kB | 102/305 kB
Progress (3): 50 kB | 33 kB | 106/305 kB
Progress (3): 50 kB | 33 kB | 111/305 kB
Progress (3): 50 kB | 33 kB | 115/305 kB
Progress (3): 50 kB | 33 kB | 119/305 kB
Progress (3): 50 kB | 33 kB | 123/305 kB
Progress (3): 50 kB | 33 kB | 127/305 kB
Progress (3): 50 kB | 33 kB | 131/305 kB
Progress (3): 50 kB | 33 kB | 135/305 kB
Progress (3): 50 kB | 33 kB | 139/305 kB
Progress (3): 50 kB | 33 kB | 143/305 kB
Progress (3): 50 kB | 33 kB | 147/305 kB
Progress (3): 50 kB | 33 kB | 152/305 kB
Progress (3): 50 kB | 33 kB | 156/305 kB
Progress (3): 50 kB | 33 kB | 160/305 kB
Progress (3): 50 kB | 33 kB | 164/305 kB

Downloaded from central: https://repo.maven.apache.org/maven2/org/ow2/asm/asm-tree/7.0/asm-tree-7.0.jar (50 kB at 13 kB/s)
Progress (2): 33 kB | 168/305 kB

Downloading from central: https://repo.maven.apache.org/maven2/org/ow2/asm/asm-util/7.0-beta/asm-util-7.0-beta.jar
Progress (3): 33 kB | 168/305 kB | 4.1/37 kB
Progress (3): 33 kB | 168/305 kB | 8.2/37 kB
Progress (3): 33 kB | 168/305 kB | 12/37 kB
Progress (3): 33 kB | 168/305 kB | 16/37 kB
Progress (3): 33 kB | 168/305 kB | 20/37 kB
Progress (3): 33 kB | 168/305 kB | 25/37 kB
Progress (3): 33 kB | 168/305 kB | 29/37 kB
Progress (3): 33 kB | 168/305 kB | 33/37 kB
Progress (3): 33 kB | 168/305 kB | 37 kB
Progress (3): 33 kB | 172/305 kB | 37 kB
Progress (3): 33 kB | 176/305 kB | 37 kB
Progress (3): 33 kB | 180/305 kB | 37 kB
Progress (4): 33 kB | 180/305 kB | 37 kB | 4.1/186 kB
Progress (4): 33 kB | 180/305 kB | 37 kB | 8.2/186 kB
Progress (4): 33 kB | 180/305 kB | 37 kB | 12/186 kB
Progress (4): 33 kB | 180/305 kB | 37 kB | 16/186 kB
Progress (4): 33 kB | 180/305 kB | 37 kB | 20/186 kB
Progress (4): 33 kB | 180/305 kB | 37 kB | 25/186 kB
Progress (4): 33 kB | 180/305 kB | 37 kB | 29/186 kB
Progress (4): 33 kB | 180/305 kB | 37 kB | 33/186 kB
Progress (4): 33 kB | 180/305 kB | 37 kB | 37/186 kB
Progress (4): 33 kB | 180/305 kB | 37 kB | 41/186 kB
Progress (4): 33 kB | 180/305 kB | 37 kB | 45/186 kB
Progress (4): 33 kB | 180/305 kB | 37 kB | 49/186 kB
Progress (4): 33 kB | 180/305 kB | 37 kB | 53/186 kB
Progress (4): 33 kB | 180/305 kB | 37 kB | 57/186 kB
Progress (4): 33 kB | 180/305 kB | 37 kB | 61/186 kB
Progress (4): 33 kB | 180/305 kB | 37 kB | 66/186 kB
Progress (4): 33 kB | 180/305 kB | 37 kB | 70/186 kB
Progress (4): 33 kB | 180/305 kB | 37 kB | 74/186 kB
Progress (4): 33 kB | 180/305 kB | 37 kB | 78/186 kB
Progress (4): 33 kB | 180/305 kB | 37 kB | 82/186 kB
Progress (4): 33 kB | 180/305 kB | 37 kB | 86/186 kB
Progress (4): 33 kB | 180/305 kB | 37 kB | 90/186 kB
Progress (4): 33 kB | 180/305 kB | 37 kB | 94/186 kB
Progress (4): 33 kB | 180/305 kB | 37 kB | 98/186 kB
Progress (4): 33 kB | 180/305 kB | 37 kB | 102/186 kB
Progress (4): 33 kB | 180/305 kB | 37 kB | 106/186 kB
Progress (4): 33 kB | 180/305 kB | 37 kB | 111/186 kB
Progress (4): 33 kB | 180/305 kB | 37 kB | 115/186 kB
Progress (4): 33 kB | 180/305 kB | 37 kB | 119/186 kB
Progress (4): 33 kB | 180/305 kB | 37 kB | 123/186 kB
Progress (4): 33 kB | 180/305 kB | 37 kB | 127/186 kB
Progress (4): 33 kB | 180/305 kB | 37 kB | 131/186 kB
Progress (4): 33 kB | 180/305 kB | 37 kB | 135/186 kB
Progress (4): 33 kB | 180/305 kB | 37 kB | 139/186 kB
Progress (4): 33 kB | 180/305 kB | 37 kB | 143/186 kB
Progress (4): 33 kB | 180/305 kB | 37 kB | 147/186 kB
Progress (4): 33 kB | 180/305 kB | 37 kB | 152/186 kB
Progress (4): 33 kB | 180/305 kB | 37 kB | 156/186 kB
Progress (4): 33 kB | 180/305 kB | 37 kB | 160/186 kB
Progress (4): 33 kB | 180/305 kB | 37 kB | 164/186 kB
Progress (4): 33 kB | 184/305 kB | 37 kB | 164/186 kB
Progress (4): 33 kB | 188/305 kB | 37 kB | 164/186 kB
Progress (4): 33 kB | 193/305 kB | 37 kB | 164/186 kB
Progress (4): 33 kB | 197/305 kB | 37 kB | 164/186 kB

Downloaded from central: https://repo.maven.apache.org/maven2/org/ow2/asm/asm-analysis/7.0/asm-analysis-7.0.jar (33 kB at 8.3 kB/s)
Downloading from central: https://repo.maven.apache.org/maven2/com/google/guava/guava/19.0/guava-19.0.jar
Progress (3): 197/305 kB | 37 kB | 168/186 kB
Progress (3): 197/305 kB | 37 kB | 172/186 kB
Progress (3): 201/305 kB | 37 kB | 172/186 kB
Progress (3): 201/305 kB | 37 kB | 176/186 kB
Progress (3): 205/305 kB | 37 kB | 176/186 kB
Progress (3): 205/305 kB | 37 kB | 180/186 kB
Progress (3): 209/305 kB | 37 kB | 180/186 kB
Progress (3): 213/305 kB | 37 kB | 180/186 kB
Progress (3): 213/305 kB | 37 kB | 184/186 kB
Progress (3): 213/305 kB | 37 kB | 186 kB
Progress (3): 217/305 kB | 37 kB | 186 kB
Progress (3): 221/305 kB | 37 kB | 186 kB
Progress (3): 225/305 kB | 37 kB | 186 kB
Progress (3): 229/305 kB | 37 kB | 186 kB
Progress (3): 233/305 kB | 37 kB | 186 kB
Progress (3): 238/305 kB | 37 kB | 186 kB
Progress (3): 242/305 kB | 37 kB | 186 kB
Progress (3): 246/305 kB | 37 kB | 186 kB
Progress (3): 250/305 kB | 37 kB | 186 kB
Progress (3): 254/305 kB | 37 kB | 186 kB
Progress (3): 258/305 kB | 37 kB | 186 kB
Progress (3): 262/305 kB | 37 kB | 186 kB
Progress (3): 266/305 kB | 37 kB | 186 kB
Progress (3): 270/305 kB | 37 kB | 186 kB
Progress (3): 274/305 kB | 37 kB | 186 kB
Progress (3): 279/305 kB | 37 kB | 186 kB
Progress (3): 283/305 kB | 37 kB | 186 kB
Progress (3): 287/305 kB | 37 kB | 186 kB
Progress (3): 291/305 kB | 37 kB | 186 kB
Progress (3): 295/305 kB | 37 kB | 186 kB
Progress (3): 299/305 kB | 37 kB | 186 kB
Progress (3): 303/305 kB | 37 kB | 186 kB
Progress (3): 305 kB | 37 kB | 186 kB

Downloaded from central: https://repo.maven.apache.org/maven2/org/apache/maven/shared/maven-dependency-tree/3.0.1/maven-dependency-tree-3.0.1.jar (37 kB at 9.0 kB/s)
Progress (3): 305 kB | 186 kB | 4.1/81 kB
Progress (3): 305 kB | 186 kB | 8.2/81 kB
Progress (3): 305 kB | 186 kB | 12/81 kB
Progress (3): 305 kB | 186 kB | 16/81 kB
Progress (3): 305 kB | 186 kB | 20/81 kB
Progress (3): 305 kB | 186 kB | 25/81 kB
Progress (3): 305 kB | 186 kB | 29/81 kB
Progress (3): 305 kB | 186 kB | 33/81 kB
Progress (3): 305 kB | 186 kB | 37/81 kB
Progress (3): 305 kB | 186 kB | 41/81 kB
Progress (3): 305 kB | 186 kB | 45/81 kB
Progress (3): 305 kB | 186 kB | 49/81 kB
Progress (3): 305 kB | 186 kB | 53/81 kB
Progress (3): 305 kB | 186 kB | 57/81 kB
Progress (3): 305 kB | 186 kB | 61/81 kB
Progress (3): 305 kB | 186 kB | 66/81 kB
Progress (4): 305 kB | 186 kB | 66/81 kB | 0/2.3 MB
Progress (4): 305 kB | 186 kB | 70/81 kB | 0/2.3 MB
Progress (4): 305 kB | 186 kB | 74/81 kB | 0/2.3 MB
Progress (4): 305 kB | 186 kB | 78/81 kB | 0/2.3 MB
Progress (4): 305 kB | 186 kB | 81 kB | 0/2.3 MB
Progress (4): 305 kB | 186 kB | 81 kB | 0/2.3 MB
Progress (4): 305 kB | 186 kB | 81 kB | 0/2.3 MB
Progress (4): 305 kB | 186 kB | 81 kB | 0.1/2.3 MB
Progress (4): 305 kB | 186 kB | 81 kB | 0.1/2.3 MB
Progress (4): 305 kB | 186 kB | 81 kB | 0.1/2.3 MB
Progress (4): 305 kB | 186 kB | 81 kB | 0.1/2.3 MB
Progress (4): 305 kB | 186 kB | 81 kB | 0.1/2.3 MB
Progress (4): 305 kB | 186 kB | 81 kB | 0.1/2.3 MB
Progress (4): 305 kB | 186 kB | 81 kB | 0.2/2.3 MB
Progress (4): 305 kB | 186 kB | 81 kB | 0.2/2.3 MB
Progress (4): 305 kB | 186 kB | 81 kB | 0.2/2.3 MB
Progress (4): 305 kB | 186 kB | 81 kB | 0.2/2.3 MB
Progress (4): 305 kB | 186 kB | 81 kB | 0.2/2.3 MB
Progress (4): 305 kB | 186 kB | 81 kB | 0.2/2.3 MB
Progress (4): 305 kB | 186 kB | 81 kB | 0.3/2.3 MB
Progress (4): 305 kB | 186 kB | 81 kB | 0.3/2.3 MB
Progress (4): 305 kB | 186 kB | 81 kB | 0.3/2.3 MB
Progress (4): 305 kB | 186 kB | 81 kB | 0.3/2.3 MB
Progress (4): 305 kB | 186 kB | 81 kB | 0.3/2.3 MB
Progress (4): 305 kB | 186 kB | 81 kB | 0.3/2.3 MB
Progress (4): 305 kB | 186 kB | 81 kB | 0.4/2.3 MB
Progress (4): 305 kB | 186 kB | 81 kB | 0.4/2.3 MB
Progress (4): 305 kB | 186 kB | 81 kB | 0.4/2.3 MB
Progress (4): 305 kB | 186 kB | 81 kB | 0.4/2.3 MB
Progress (4): 305 kB | 186 kB | 81 kB | 0.4/2.3 MB
Progress (4): 305 kB | 186 kB | 81 kB | 0.4/2.3 MB

Downloaded from central: https://repo.maven.apache.org/maven2/org/vafer/jdependency/2.1.1/jdependency-2.1.1.jar (186 kB at 40 kB/s)
Progress (3): 305 kB | 81 kB | 0.5/2.3 MB
Progress (3): 305 kB | 81 kB | 0.5/2.3 MB
Progress (3): 305 kB | 81 kB | 0.5/2.3 MB
Progress (3): 305 kB | 81 kB | 0.5/2.3 MB
Progress (3): 305 kB | 81 kB | 0.5/2.3 MB
Progress (3): 305 kB | 81 kB | 0.5/2.3 MB
Progress (3): 305 kB | 81 kB | 0.6/2.3 MB

Downloaded from central: https://repo.maven.apache.org/maven2/org/jdom/jdom2/2.0.6/jdom2-2.0.6.jar (305 kB at 64 kB/s)
Progress (2): 81 kB | 0.6/2.3 MB
Progress (2): 81 kB | 0.6/2.3 MB
Progress (2): 81 kB | 0.6/2.3 MB
Progress (2): 81 kB | 0.6/2.3 MB
Progress (2): 81 kB | 0.6/2.3 MB
Progress (2): 81 kB | 0.7/2.3 MB
Progress (2): 81 kB | 0.7/2.3 MB
Progress (2): 81 kB | 0.7/2.3 MB
Progress (2): 81 kB | 0.7/2.3 MB

Downloaded from central: https://repo.maven.apache.org/maven2/org/ow2/asm/asm-util/7.0-beta/asm-util-7.0-beta.jar (81 kB at 16 kB/s)
Progress (1): 0.7/2.3 MB
Progress (1): 0.7/2.3 MB
Progress (1): 0.8/2.3 MB
Progress (1): 0.8/2.3 MB
Progress (1): 0.8/2.3 MB
Progress (1): 0.8/2.3 MB
Progress (1): 0.8/2.3 MB
Progress (1): 0.8/2.3 MB
Progress (1): 0.9/2.3 MB
Progress (1): 0.9/2.3 MB
Progress (1): 0.9/2.3 MB
Progress (1): 0.9/2.3 MB
Progress (1): 0.9/2.3 MB
Progress (1): 0.9/2.3 MB
Progress (1): 0.9/2.3 MB
Progress (1): 1.0/2.3 MB
Progress (1): 1.0/2.3 MB
Progress (1): 1.0/2.3 MB
Progress (1): 1.0/2.3 MB
Progress (1): 1.0/2.3 MB
Progress (1): 1.0/2.3 MB
Progress (1): 1.1/2.3 MB
Progress (1): 1.1/2.3 MB
Progress (1): 1.1/2.3 MB
Progress (1): 1.1/2.3 MB
Progress (1): 1.1/2.3 MB
Progress (1): 1.1/2.3 MB
Progress (1): 1.2/2.3 MB
Progress (1): 1.2/2.3 MB
Progress (1): 1.2/2.3 MB
Progress (1): 1.2/2.3 MB
Progress (1): 1.2/2.3 MB
Progress (1): 1.2/2.3 MB
Progress (1): 1.3/2.3 MB
Progress (1): 1.3/2.3 MB
Progress (1): 1.3/2.3 MB
Progress (1): 1.3/2.3 MB
Progress (1): 1.3/2.3 MB
Progress (1): 1.3/2.3 MB
Progress (1): 1.4/2.3 MB
Progress (1): 1.4/2.3 MB
Progress (1): 1.4/2.3 MB
Progress (1): 1.4/2.3 MB
Progress (1): 1.4/2.3 MB
Progress (1): 1.4/2.3 MB
Progress (1): 1.5/2.3 MB
Progress (1): 1.5/2.3 MB
Progress (1): 1.5/2.3 MB
Progress (1): 1.5/2.3 MB
Progress (1): 1.5/2.3 MB
Progress (1): 1.5/2.3 MB
Progress (1): 1.6/2.3 MB
Progress (1): 1.6/2.3 MB
Progress (1): 1.6/2.3 MB
Progress (1): 1.6/2.3 MB
Progress (1): 1.6/2.3 MB
Progress (1): 1.6/2.3 MB
Progress (1): 1.6/2.3 MB
Progress (1): 1.7/2.3 MB
Progress (1): 1.7/2.3 MB
Progress (1): 1.7/2.3 MB
Progress (1): 1.7/2.3 MB
Progress (1): 1.7/2.3 MB
Progress (1): 1.7/2.3 MB
Progress (1): 1.8/2.3 MB
Progress (1): 1.8/2.3 MB
Progress (1): 1.8/2.3 MB
Progress (1): 1.8/2.3 MB
Progress (1): 1.8/2.3 MB
Progress (1): 1.8/2.3 MB
Progress (1): 1.9/2.3 MB
Progress (1): 1.9/2.3 MB
Progress (1): 1.9/2.3 MB
Progress (1): 1.9/2.3 MB
Progress (1): 1.9/2.3 MB
Progress (1): 1.9/2.3 MB
Progress (1): 2.0/2.3 MB
Progress (1): 2.0/2.3 MB
Progress (1): 2.0/2.3 MB
Progress (1): 2.0/2.3 MB
Progress (1): 2.0/2.3 MB
Progress (1): 2.0/2.3 MB
Progress (1): 2.1/2.3 MB
Progress (1): 2.1/2.3 MB
Progress (1): 2.1/2.3 MB
Progress (1): 2.1/2.3 MB
Progress (1): 2.1/2.3 MB
Progress (1): 2.1/2.3 MB
Progress (1): 2.2/2.3 MB
Progress (1): 2.2/2.3 MB
Progress (1): 2.2/2.3 MB
Progress (1): 2.2/2.3 MB
Progress (1): 2.2/2.3 MB
Progress (1): 2.2/2.3 MB
Progress (1): 2.3/2.3 MB
Progress (1): 2.3/2.3 MB
Progress (1): 2.3/2.3 MB
Progress (1): 2.3/2.3 MB
Progress (1): 2.3 MB

Downloaded from central: https://repo.maven.apache.org/maven2/com/google/guava/guava/19.0/guava-19.0.jar (2.3 MB at 289 kB/s)
[INFO] Replacing main artifact with repackaged archive
[INFO] ------------------------------------------------------------------------
[INFO] BUILD SUCCESS
[INFO] ------------------------------------------------------------------------
[INFO] Total time:  54.300 s
[INFO] Finished at: 2020-07-23T21:24:14Z
[INFO] ------------------------------------------------------------------------
Finished: SUCCESS
